<?xml version="1.0" encoding="UTF-8"?>
<Site BuildName="(empty)"
	BuildStamp="20260409-0832-Experimental"
	Name="kenbio-UBUNTU24"
	Generator="ctest-3.28.3"
	CompilerName="/usr/bin/c++"
	CompilerVersion="13.3.0"
	OSName="Linux"
	Hostname="kenbio-UBUNTU24"
	OSRelease="6.17.0-20-generic"
	OSVersion="#20~24.04.1-Ubuntu SMP PREEMPT_DYNAMIC Thu Mar 19 01:28:37 UTC 2"
	OSPlatform="x86_64"
	Is64Bits="1"
	VendorString="AuthenticAMD"
	VendorID="Advanced Micro Devices"
	FamilyID="26"
	ModelID="68"
	ProcessorCacheSize="1024"
	NumberOfLogicalCPU="32"
	NumberOfPhysicalCPU="16"
	TotalVirtualMemory="15258"
	TotalPhysicalMemory="31262"
	LogicalProcessorsPerPhysical="2"
	ProcessorClockFrequency="4240.84"
	>
	<Testing>
		<StartDateTime>Apr 09 16:32 CST</StartDateTime>
		<StartTestTime>1775723575</StartTestTime>
		<TestList>
			<Test>./copyright</Test>
			<Test>./cppcheck</Test>
			<Test>./cpplint</Test>
			<Test>./flake8</Test>
			<Test>./lint_cmake</Test>
			<Test>./pep257</Test>
			<Test>./uncrustify</Test>
			<Test>./xmllint</Test>
		</TestList>
		<Test Status="failed">
			<Name>copyright</Name>
			<Path>.</Path>
			<FullName>./copyright</FullName>
			<FullCommandLine>/usr/bin/python3 "-u" "/opt/ros/jazzy/share/ament_cmake_test/cmake/run_test.py" "/home/kenbio/sensor_ws/build/ldlidar/test_results/ldlidar/copyright.xunit.xml" "--package-name" "ldlidar" "--output-file" "/home/kenbio/sensor_ws/build/ldlidar/ament_copyright/copyright.txt" "--command" "/opt/ros/jazzy/bin/ament_copyright" "--xunit-file" "/home/kenbio/sensor_ws/build/ldlidar/test_results/ldlidar/copyright.xunit.xml"</FullCommandLine>
			<Results>
				<NamedMeasurement type="text/string" name="Exit Code">
					<Value>Failed</Value>
				</NamedMeasurement>
				<NamedMeasurement type="text/string" name="Exit Value">
					<Value>1</Value>
				</NamedMeasurement>
				<NamedMeasurement type="numeric/double" name="Execution Time">
					<Value>0.106207</Value>
				</NamedMeasurement>
				<NamedMeasurement type="numeric/double" name="Processors">
					<Value>1</Value>
				</NamedMeasurement>
				<NamedMeasurement type="text/string" name="Completion Status">
					<Value>Completed</Value>
				</NamedMeasurement>
				<NamedMeasurement type="text/string" name="Command Line">
					<Value>/usr/bin/python3 "-u" "/opt/ros/jazzy/share/ament_cmake_test/cmake/run_test.py" "/home/kenbio/sensor_ws/build/ldlidar/test_results/ldlidar/copyright.xunit.xml" "--package-name" "ldlidar" "--output-file" "/home/kenbio/sensor_ws/build/ldlidar/ament_copyright/copyright.txt" "--command" "/opt/ros/jazzy/bin/ament_copyright" "--xunit-file" "/home/kenbio/sensor_ws/build/ldlidar/test_results/ldlidar/copyright.xunit.xml"</Value>
				</NamedMeasurement>
				<NamedMeasurement type="text/string" name="Environment">
					<Value>#CTEST_RESOURCE_GROUP_COUNT=</Value>
				</NamedMeasurement>
				<Measurement>
					<Value>-- run_test.py: invoking following command in '/home/kenbio/sensor_ws/src/ldlidar_ros2/ldlidar':
 - /opt/ros/jazzy/bin/ament_copyright --xunit-file /home/kenbio/sensor_ws/build/ldlidar/test_results/ldlidar/copyright.xunit.xml
include/ros2_api.h: could not find copyright notice
launch/ld06.launch.py: could not find copyright notice
launch/ld06net.launch.py: could not find copyright notice
launch/ld19.launch.py: could not find copyright notice
launch/stl06n.launch.py: could not find copyright notice
launch/stl06nnet.launch.py: could not find copyright notice
launch/stl06p.launch.py: could not find copyright notice
launch/stl19p.launch.py: could not find copyright notice
launch/stl19pnet.launch.py: could not find copyright notice
launch/stl26.launch.py: could not find copyright notice
launch/stl27l.launch.py: could not find copyright notice
launch/viewer_ld06.launch.py: could not find copyright notice
launch/viewer_ld19.launch.py: could not find copyright notice
launch/viewer_stl06n.launch.py: could not find copyright notice
launch/viewer_stl06p.launch.py: could not find copyright notice
launch/viewer_stl26.launch.py: could not find copyright notice
launch/viewer_stl27l.launch.py: could not find copyright notice
src/ros2_node/main.cpp: could not find copyright notice
18 errors, checked 18 files
-- run_test.py: return code 1
-- run_test.py: verify result file '/home/kenbio/sensor_ws/build/ldlidar/test_results/ldlidar/copyright.xunit.xml'
</Value>
				</Measurement>
			</Results>
			<Labels>
				<Label>copyright</Label>
				<Label>linter</Label>
			</Labels>
		</Test>
		<Test Status="passed">
			<Name>cppcheck</Name>
			<Path>.</Path>
			<FullName>./cppcheck</FullName>
			<FullCommandLine>/usr/bin/python3 "-u" "/opt/ros/jazzy/share/ament_cmake_test/cmake/run_test.py" "/home/kenbio/sensor_ws/build/ldlidar/test_results/ldlidar/cppcheck.xunit.xml" "--package-name" "ldlidar" "--output-file" "/home/kenbio/sensor_ws/build/ldlidar/ament_cppcheck/cppcheck.txt" "--command" "/opt/ros/jazzy/bin/ament_cppcheck" "--xunit-file" "/home/kenbio/sensor_ws/build/ldlidar/test_results/ldlidar/cppcheck.xunit.xml" "--include_dirs" "/home/kenbio/sensor_ws/src/ldlidar_ros2/ldlidar/include" "/home/kenbio/sensor_ws/src/ldlidar_ros2/ldlidar/../ldlidar_driver/include/core" "/home/kenbio/sensor_ws/src/ldlidar_ros2/ldlidar/../ldlidar_driver/include/dataprocess" "/home/kenbio/sensor_ws/src/ldlidar_ros2/ldlidar/../ldlidar_driver/include/filter" "/home/kenbio/sensor_ws/src/ldlidar_ros2/ldlidar/../ldlidar_driver/include/logger" "/home/kenbio/sensor_ws/src/ldlidar_ros2/ldlidar/../ldlidar_driver/include/networkcom" "/home/kenbio/sensor_ws/src/ldlidar_ros2/ldlidar/../ldlidar_driver/include/serialcom"</FullCommandLine>
			<Results>
				<NamedMeasurement type="numeric/double" name="Execution Time">
					<Value>0.10172</Value>
				</NamedMeasurement>
				<NamedMeasurement type="numeric/double" name="Processors">
					<Value>1</Value>
				</NamedMeasurement>
				<NamedMeasurement type="text/string" name="Completion Status">
					<Value>Completed</Value>
				</NamedMeasurement>
				<NamedMeasurement type="text/string" name="Command Line">
					<Value>/usr/bin/python3 "-u" "/opt/ros/jazzy/share/ament_cmake_test/cmake/run_test.py" "/home/kenbio/sensor_ws/build/ldlidar/test_results/ldlidar/cppcheck.xunit.xml" "--package-name" "ldlidar" "--output-file" "/home/kenbio/sensor_ws/build/ldlidar/ament_cppcheck/cppcheck.txt" "--command" "/opt/ros/jazzy/bin/ament_cppcheck" "--xunit-file" "/home/kenbio/sensor_ws/build/ldlidar/test_results/ldlidar/cppcheck.xunit.xml" "--include_dirs" "/home/kenbio/sensor_ws/src/ldlidar_ros2/ldlidar/include" "/home/kenbio/sensor_ws/src/ldlidar_ros2/ldlidar/../ldlidar_driver/include/core" "/home/kenbio/sensor_ws/src/ldlidar_ros2/ldlidar/../ldlidar_driver/include/dataprocess" "/home/kenbio/sensor_ws/src/ldlidar_ros2/ldlidar/../ldlidar_driver/include/filter" "/home/kenbio/sensor_ws/src/ldlidar_ros2/ldlidar/../ldlidar_driver/include/logger" "/home/kenbio/sensor_ws/src/ldlidar_ros2/ldlidar/../ldlidar_driver/include/networkcom" "/home/kenbio/sensor_ws/src/ldlidar_ros2/ldlidar/../ldlidar_driver/include/serialcom"</Value>
				</NamedMeasurement>
				<NamedMeasurement type="text/string" name="Environment">
					<Value>#CTEST_RESOURCE_GROUP_COUNT=</Value>
				</NamedMeasurement>
				<Measurement>
					<Value>-- run_test.py: invoking following command in '/home/kenbio/sensor_ws/src/ldlidar_ros2/ldlidar':
 - /opt/ros/jazzy/bin/ament_cppcheck --xunit-file /home/kenbio/sensor_ws/build/ldlidar/test_results/ldlidar/cppcheck.xunit.xml --include_dirs /home/kenbio/sensor_ws/src/ldlidar_ros2/ldlidar/include /home/kenbio/sensor_ws/src/ldlidar_ros2/ldlidar/../ldlidar_driver/include/core /home/kenbio/sensor_ws/src/ldlidar_ros2/ldlidar/../ldlidar_driver/include/dataprocess /home/kenbio/sensor_ws/src/ldlidar_ros2/ldlidar/../ldlidar_driver/include/filter /home/kenbio/sensor_ws/src/ldlidar_ros2/ldlidar/../ldlidar_driver/include/logger /home/kenbio/sensor_ws/src/ldlidar_ros2/ldlidar/../ldlidar_driver/include/networkcom /home/kenbio/sensor_ws/src/ldlidar_ros2/ldlidar/../ldlidar_driver/include/serialcom
cppcheck 2.13.0 has known performance issues and therefore will not be used, set the AMENT_CPPCHECK_ALLOW_SLOW_VERSIONS environment variable to override this.
-- run_test.py: return code 0
-- run_test.py: verify result file '/home/kenbio/sensor_ws/build/ldlidar/test_results/ldlidar/cppcheck.xunit.xml'
</Value>
				</Measurement>
			</Results>
			<Labels>
				<Label>cppcheck</Label>
				<Label>linter</Label>
			</Labels>
		</Test>
		<Test Status="failed">
			<Name>cpplint</Name>
			<Path>.</Path>
			<FullName>./cpplint</FullName>
			<FullCommandLine>/usr/bin/python3 "-u" "/opt/ros/jazzy/share/ament_cmake_test/cmake/run_test.py" "/home/kenbio/sensor_ws/build/ldlidar/test_results/ldlidar/cpplint.xunit.xml" "--package-name" "ldlidar" "--output-file" "/home/kenbio/sensor_ws/build/ldlidar/ament_cpplint/cpplint.txt" "--command" "/opt/ros/jazzy/bin/ament_cpplint" "--xunit-file" "/home/kenbio/sensor_ws/build/ldlidar/test_results/ldlidar/cpplint.xunit.xml"</FullCommandLine>
			<Results>
				<NamedMeasurement type="text/string" name="Exit Code">
					<Value>Failed</Value>
				</NamedMeasurement>
				<NamedMeasurement type="text/string" name="Exit Value">
					<Value>1</Value>
				</NamedMeasurement>
				<NamedMeasurement type="numeric/double" name="Execution Time">
					<Value>0.125573</Value>
				</NamedMeasurement>
				<NamedMeasurement type="numeric/double" name="Processors">
					<Value>1</Value>
				</NamedMeasurement>
				<NamedMeasurement type="text/string" name="Completion Status">
					<Value>Completed</Value>
				</NamedMeasurement>
				<NamedMeasurement type="text/string" name="Command Line">
					<Value>/usr/bin/python3 "-u" "/opt/ros/jazzy/share/ament_cmake_test/cmake/run_test.py" "/home/kenbio/sensor_ws/build/ldlidar/test_results/ldlidar/cpplint.xunit.xml" "--package-name" "ldlidar" "--output-file" "/home/kenbio/sensor_ws/build/ldlidar/ament_cpplint/cpplint.txt" "--command" "/opt/ros/jazzy/bin/ament_cpplint" "--xunit-file" "/home/kenbio/sensor_ws/build/ldlidar/test_results/ldlidar/cpplint.xunit.xml"</Value>
				</NamedMeasurement>
				<NamedMeasurement type="text/string" name="Environment">
					<Value>#CTEST_RESOURCE_GROUP_COUNT=</Value>
				</NamedMeasurement>
				<Measurement>
					<Value>-- run_test.py: invoking following command in '/home/kenbio/sensor_ws/src/ldlidar_ros2/ldlidar':
 - /opt/ros/jazzy/bin/ament_cpplint --xunit-file /home/kenbio/sensor_ws/build/ldlidar/test_results/ldlidar/cpplint.xunit.xml
/home/kenbio/sensor_ws/src/ldlidar_ros2/ldlidar/include/ros2_api.h:21:  #ifndef header guard has wrong style, please use: ROS2_API_H_  [build/header_guard] [5]
/home/kenbio/sensor_ws/src/ldlidar_ros2/ldlidar/include/ros2_api.h:39:  #endif line should be "#endif  // ROS2_API_H_"  [build/header_guard] [5]
/home/kenbio/sensor_ws/src/ldlidar_ros2/ldlidar/include/ros2_api.h:26:  Found C++ system header after other header. Should be: ros2_api.h, c system, c++ system, other.  [build/include_order] [4]
/home/kenbio/sensor_ws/src/ldlidar_ros2/ldlidar/include/ros2_api.h:39:  At least two spaces is best between code and comments  [whitespace/comments] [2]
/home/kenbio/sensor_ws/src/ldlidar_ros2/ldlidar/include/ros2_api.h:39:  Should have a space between // and comment  [whitespace/comments] [4]
/home/kenbio/sensor_ws/src/ldlidar_ros2/ldlidar/src/ros2_node/main.cpp:22:  Include the directory when naming .h files  [build/include_subdir] [4]
/home/kenbio/sensor_ws/src/ldlidar_ros2/ldlidar/src/ros2_node/main.cpp:23:  Include the directory when naming .h files  [build/include_subdir] [4]
/home/kenbio/sensor_ws/src/ldlidar_ros2/ldlidar/src/ros2_node/main.cpp:25:  Lines should be &lt;= 100 characters long  [whitespace/line_length] [2]
/home/kenbio/sensor_ws/src/ldlidar_ros2/ldlidar/src/ros2_node/main.cpp:26:  Lines should be &lt;= 100 characters long  [whitespace/line_length] [2]
/home/kenbio/sensor_ws/src/ldlidar_ros2/ldlidar/src/ros2_node/main.cpp:32:  At least two spaces is best between code and comments  [whitespace/comments] [2]
/home/kenbio/sensor_ws/src/ldlidar_ros2/ldlidar/src/ros2_node/main.cpp:34:  Tab found; better to use spaces  [whitespace/tab] [1]
/home/kenbio/sensor_ws/src/ldlidar_ros2/ldlidar/src/ros2_node/main.cpp:35:  Tab found; better to use spaces  [whitespace/tab] [1]
/home/kenbio/sensor_ws/src/ldlidar_ros2/ldlidar/src/ros2_node/main.cpp:42:  Tab found; better to use spaces  [whitespace/tab] [1]
/home/kenbio/sensor_ws/src/ldlidar_ros2/ldlidar/src/ros2_node/main.cpp:49:  Line ends in whitespace.  Consider deleting these extra spaces.  [whitespace/end_of_line] [4]
/home/kenbio/sensor_ws/src/ldlidar_ros2/ldlidar/src/ros2_node/main.cpp:55:  Line ends in whitespace.  Consider deleting these extra spaces.  [whitespace/end_of_line] [4]
/home/kenbio/sensor_ws/src/ldlidar_ros2/ldlidar/src/ros2_node/main.cpp:60:  Lines should be &lt;= 100 characters long  [whitespace/line_length] [2]
/home/kenbio/sensor_ws/src/ldlidar_ros2/ldlidar/src/ros2_node/main.cpp:63:  Should have a space between // and comment  [whitespace/comments] [4]
/home/kenbio/sensor_ws/src/ldlidar_ros2/ldlidar/src/ros2_node/main.cpp:64:  Should have a space between // and comment  [whitespace/comments] [4]
/home/kenbio/sensor_ws/src/ldlidar_ros2/ldlidar/src/ros2_node/main.cpp:77:  Lines should be &lt;= 100 characters long  [whitespace/line_length] [2]
/home/kenbio/sensor_ws/src/ldlidar_ros2/ldlidar/src/ros2_node/main.cpp:80:  Should have a space between // and comment  [whitespace/comments] [4]
/home/kenbio/sensor_ws/src/ldlidar_ros2/ldlidar/src/ros2_node/main.cpp:81:  Should have a space between // and comment  [whitespace/comments] [4]
/home/kenbio/sensor_ws/src/ldlidar_ros2/ldlidar/src/ros2_node/main.cpp:89:  Line ends in whitespace.  Consider deleting these extra spaces.  [whitespace/end_of_line] [4]
/home/kenbio/sensor_ws/src/ldlidar_ros2/ldlidar/src/ros2_node/main.cpp:103:  Lines should be &lt;= 100 characters long  [whitespace/line_length] [2]
/home/kenbio/sensor_ws/src/ldlidar_ros2/ldlidar/src/ros2_node/main.cpp:107:  Line ends in whitespace.  Consider deleting these extra spaces.  [whitespace/end_of_line] [4]
/home/kenbio/sensor_ws/src/ldlidar_ros2/ldlidar/src/ros2_node/main.cpp:111:  Should have a space between // and comment  [whitespace/comments] [4]
/home/kenbio/sensor_ws/src/ldlidar_ros2/ldlidar/src/ros2_node/main.cpp:112:  Should have a space between // and comment  [whitespace/comments] [4]
/home/kenbio/sensor_ws/src/ldlidar_ros2/ldlidar/src/ros2_node/main.cpp:113:  Lines should be &lt;= 100 characters long  [whitespace/line_length] [2]
/home/kenbio/sensor_ws/src/ldlidar_ros2/ldlidar/src/ros2_node/main.cpp:114:  Lines should be &lt;= 100 characters long  [whitespace/line_length] [2]
/home/kenbio/sensor_ws/src/ldlidar_ros2/ldlidar/src/ros2_node/main.cpp:138:  Lines should be &lt;= 100 characters long  [whitespace/line_length] [2]
/home/kenbio/sensor_ws/src/ldlidar_ros2/ldlidar/src/ros2_node/main.cpp:138:  At least two spaces is best between code and comments  [whitespace/comments] [2]
/home/kenbio/sensor_ws/src/ldlidar_ros2/ldlidar/src/ros2_node/main.cpp:150:  Lines should be &lt;= 100 characters long  [whitespace/line_length] [2]
/home/kenbio/sensor_ws/src/ldlidar_ros2/ldlidar/src/ros2_node/main.cpp:150:  Should have a space between // and comment  [whitespace/comments] [4]
/home/kenbio/sensor_ws/src/ldlidar_ros2/ldlidar/src/ros2_node/main.cpp:151:  Lines should be &lt;= 100 characters long  [whitespace/line_length] [2]
/home/kenbio/sensor_ws/src/ldlidar_ros2/ldlidar/src/ros2_node/main.cpp:151:  Missing space after ,  [whitespace/comma] [3]
/home/kenbio/sensor_ws/src/ldlidar_ros2/ldlidar/src/ros2_node/main.cpp:167:  Line ends in whitespace.  Consider deleting these extra spaces.  [whitespace/end_of_line] [4]
/home/kenbio/sensor_ws/src/ldlidar_ros2/ldlidar/src/ros2_node/main.cpp:169:  Line ends in whitespace.  Consider deleting these extra spaces.  [whitespace/end_of_line] [4]
/home/kenbio/sensor_ws/src/ldlidar_ros2/ldlidar/src/ros2_node/main.cpp:170:  At least two spaces is best between code and comments  [whitespace/comments] [2]
/home/kenbio/sensor_ws/src/ldlidar_ros2/ldlidar/src/ros2_node/main.cpp:170:  Should have a space between // and comment  [whitespace/comments] [4]
/home/kenbio/sensor_ws/src/ldlidar_ros2/ldlidar/src/ros2_node/main.cpp:177:  Line ends in whitespace.  Consider deleting these extra spaces.  [whitespace/end_of_line] [4]
/home/kenbio/sensor_ws/src/ldlidar_ros2/ldlidar/src/ros2_node/main.cpp:189:  Lines should be &lt;= 100 characters long  [whitespace/line_length] [2]
/home/kenbio/sensor_ws/src/ldlidar_ros2/ldlidar/src/ros2_node/main.cpp:211:  Lines should be &lt;= 100 characters long  [whitespace/line_length] [2]
/home/kenbio/sensor_ws/src/ldlidar_ros2/ldlidar/src/ros2_node/main.cpp:212:  Lines should be &lt;= 100 characters long  [whitespace/line_length] [2]
/home/kenbio/sensor_ws/src/ldlidar_ros2/ldlidar/src/ros2_node/main.cpp:233:  Using C-style cast.  Use static_cast&lt;float&gt;(...) instead  [readability/casting] [4]
/home/kenbio/sensor_ws/src/ldlidar_ros2/ldlidar/src/ros2_node/main.cpp:247:  Using C-style cast.  Use static_cast&lt;double&gt;(...) instead  [readability/casting] [4]
/home/kenbio/sensor_ws/src/ldlidar_ros2/ldlidar/src/ros2_node/main.cpp:255:  Line ends in whitespace.  Consider deleting these extra spaces.  [whitespace/end_of_line] [4]
/home/kenbio/sensor_ws/src/ldlidar_ros2/ldlidar/src/ros2_node/main.cpp:258:  Lines should be &lt;= 100 characters long  [whitespace/line_length] [2]
/home/kenbio/sensor_ws/src/ldlidar_ros2/ldlidar/src/ros2_node/main.cpp:258:  At least two spaces is best between code and comments  [whitespace/comments] [2]
/home/kenbio/sensor_ws/src/ldlidar_ros2/ldlidar/src/ros2_node/main.cpp:259:  Line ends in whitespace.  Consider deleting these extra spaces.  [whitespace/end_of_line] [4]
/home/kenbio/sensor_ws/src/ldlidar_ros2/ldlidar/src/ros2_node/main.cpp:263:  Lines should be &lt;= 100 characters long  [whitespace/line_length] [2]
/home/kenbio/sensor_ws/src/ldlidar_ros2/ldlidar/src/ros2_node/main.cpp:263:  At least two spaces is best between code and comments  [whitespace/comments] [2]
/home/kenbio/sensor_ws/src/ldlidar_ros2/ldlidar/src/ros2_node/main.cpp:273:  Line ends in whitespace.  Consider deleting these extra spaces.  [whitespace/end_of_line] [4]
/home/kenbio/sensor_ws/src/ldlidar_ros2/ldlidar/src/ros2_node/main.cpp:274:  At least two spaces is best between code and comments  [whitespace/comments] [2]
/home/kenbio/sensor_ws/src/ldlidar_ros2/ldlidar/src/ros2_node/main.cpp:278:  Line ends in whitespace.  Consider deleting these extra spaces.  [whitespace/end_of_line] [4]
/home/kenbio/sensor_ws/src/ldlidar_ros2/ldlidar/src/ros2_node/main.cpp:278:  Lines should be &lt;= 100 characters long  [whitespace/line_length] [2]
/home/kenbio/sensor_ws/src/ldlidar_ros2/ldlidar/src/ros2_node/main.cpp:287:  At least two spaces is best between code and comments  [whitespace/comments] [2]
/home/kenbio/sensor_ws/src/ldlidar_ros2/ldlidar/src/ros2_node/main.cpp:298:  At least two spaces is best between code and comments  [whitespace/comments] [2]
/home/kenbio/sensor_ws/src/ldlidar_ros2/ldlidar/src/ros2_node/main.cpp:310:  Line ends in whitespace.  Consider deleting these extra spaces.  [whitespace/end_of_line] [4]
/home/kenbio/sensor_ws/src/ldlidar_ros2/ldlidar/src/ros2_node/main.cpp:314:  Line ends in whitespace.  Consider deleting these extra spaces.  [whitespace/end_of_line] [4]
Category 'build/header_guard' errors found: 2
Category 'build/include_order' errors found: 1
Category 'build/include_subdir' errors found: 2
Category 'readability/casting' errors found: 2
Category 'whitespace/comma' errors found: 1
Category 'whitespace/comments' errors found: 18
Category 'whitespace/end_of_line' errors found: 13
Category 'whitespace/line_length' errors found: 16
Category 'whitespace/tab' errors found: 3
Total errors found: 58
Using '--root=/home/kenbio/sensor_ws/src/ldlidar_ros2/ldlidar/include' argument

Done processing /home/kenbio/sensor_ws/src/ldlidar_ros2/ldlidar/include/ros2_api.h

Using '--root=/home/kenbio/sensor_ws/src/ldlidar_ros2/ldlidar/src' argument

Done processing /home/kenbio/sensor_ws/src/ldlidar_ros2/ldlidar/src/ros2_node/main.cpp

-- run_test.py: return code 1
-- run_test.py: verify result file '/home/kenbio/sensor_ws/build/ldlidar/test_results/ldlidar/cpplint.xunit.xml'
</Value>
				</Measurement>
			</Results>
			<Labels>
				<Label>cpplint</Label>
				<Label>linter</Label>
			</Labels>
		</Test>
		<Test Status="failed">
			<Name>flake8</Name>
			<Path>.</Path>
			<FullName>./flake8</FullName>
			<FullCommandLine>/usr/bin/python3 "-u" "/opt/ros/jazzy/share/ament_cmake_test/cmake/run_test.py" "/home/kenbio/sensor_ws/build/ldlidar/test_results/ldlidar/flake8.xunit.xml" "--package-name" "ldlidar" "--output-file" "/home/kenbio/sensor_ws/build/ldlidar/ament_flake8/flake8.txt" "--command" "/opt/ros/jazzy/bin/ament_flake8" "--xunit-file" "/home/kenbio/sensor_ws/build/ldlidar/test_results/ldlidar/flake8.xunit.xml"</FullCommandLine>
			<Results>
				<NamedMeasurement type="text/string" name="Exit Code">
					<Value>Failed</Value>
				</NamedMeasurement>
				<NamedMeasurement type="text/string" name="Exit Value">
					<Value>1</Value>
				</NamedMeasurement>
				<NamedMeasurement type="numeric/double" name="Execution Time">
					<Value>0.173666</Value>
				</NamedMeasurement>
				<NamedMeasurement type="numeric/double" name="Processors">
					<Value>1</Value>
				</NamedMeasurement>
				<NamedMeasurement type="text/string" name="Completion Status">
					<Value>Completed</Value>
				</NamedMeasurement>
				<NamedMeasurement type="text/string" name="Command Line">
					<Value>/usr/bin/python3 "-u" "/opt/ros/jazzy/share/ament_cmake_test/cmake/run_test.py" "/home/kenbio/sensor_ws/build/ldlidar/test_results/ldlidar/flake8.xunit.xml" "--package-name" "ldlidar" "--output-file" "/home/kenbio/sensor_ws/build/ldlidar/ament_flake8/flake8.txt" "--command" "/opt/ros/jazzy/bin/ament_flake8" "--xunit-file" "/home/kenbio/sensor_ws/build/ldlidar/test_results/ldlidar/flake8.xunit.xml"</Value>
				</NamedMeasurement>
				<NamedMeasurement type="text/string" name="Environment">
					<Value>#CTEST_RESOURCE_GROUP_COUNT=</Value>
				</NamedMeasurement>
				<Measurement>
					<Value>-- run_test.py: invoking following command in '/home/kenbio/sensor_ws/src/ldlidar_ros2/ldlidar':
 - /opt/ros/jazzy/bin/ament_flake8 --xunit-file /home/kenbio/sensor_ws/build/ldlidar/test_results/ldlidar/flake8.xunit.xml
'''
Parameter Description:
---
- Set laser scan directon: 
  1. Set counterclockwise, example: {'laser_scan_dir': True}
  2. Set clockwise,        example: {'laser_scan_dir': False}
- Angle crop setting, Mask data within the set angle range:
  1. Enable angle crop fuction:
    1.1. enable angle crop,  example: {'enable_angle_crop_func': True}
    1.2. disable angle crop, example: {'enable_angle_crop_func': False}
  2. Angle cropping interval setting:
  - The distance and intensity data within the set angle range will be set to 0.
  - angle &gt;= 'angle_crop_min' and angle &lt;= 'angle_crop_max' which is [angle_crop_min, angle_crop_max], unit is degress.
    example:
      {'angle_crop_min': 135.0}
      {'angle_crop_max': 225.0}
      which is [135.0, 225.0], angle unit is degress.
- Serial port communication mode or network port communication mode configuration
  --enable serial communication mode:
  {'enable_serial_or_network_communication': True}
  --enable network communication mode:
  {'enable_serial_or_network_communication': False}
'''
^
'''
Parameter Description:
---
- Set laser scan directon: 
  1. Set counterclockwise, example: {'laser_scan_dir': True}
  2. Set clockwise,        example: {'laser_scan_dir': False}
- Angle crop setting, Mask data within the set angle range:
  1. Enable angle crop fuction:
    1.1. enable angle crop,  example: {'enable_angle_crop_func': True}
    1.2. disable angle crop, example: {'enable_angle_crop_func': False}
  2. Angle cropping interval setting:
  - The distance and intensity data within the set angle range will be set to 0.
  - angle &gt;= 'angle_crop_min' and angle &lt;= 'angle_crop_max' which is [angle_crop_min, angle_crop_max], unit is degress.
    example:
      {'angle_crop_min': 135.0}
      {'angle_crop_max': 225.0}
      which is [135.0, 225.0], angle unit is degress.
- Serial port communication mode or network port communication mode configuration
  --enable serial communication mode:
  {'enable_serial_or_network_communication': True}
  --enable network communication mode:
  {'enable_serial_or_network_communication': False}
'''
   
                      ^
'''
Parameter Description:
---
- Set laser scan directon: 
  1. Set counterclockwise, example: {'laser_scan_dir': True}
  2. Set clockwise,        example: {'laser_scan_dir': False}
- Angle crop setting, Mask data within the set angle range:
  1. Enable angle crop fuction:
    1.1. enable angle crop,  example: {'enable_angle_crop_func': True}
    1.2. disable angle crop, example: {'enable_angle_crop_func': False}
  2. Angle cropping interval setting:
  - The distance and intensity data within the set angle range will be set to 0.
  - angle &gt;= 'angle_crop_min' and angle &lt;= 'angle_crop_max' which is [angle_crop_min, angle_crop_max], unit is degress.
    example:
      {'angle_crop_min': 135.0}
      {'angle_crop_max': 225.0}
      which is [135.0, 225.0], angle unit is degress.
- Serial port communication mode or network port communication mode configuration
  --enable serial communication mode:
  {'enable_serial_or_network_communication': True}
  --enable network communication mode:
  {'enable_serial_or_network_communication': False}
'''
   
                      
   
                           
                                        ^
def generate_launch_description():
^
  # LDROBOT LiDAR publisher node
  ^
  ldlidar_node = Node(
  ^
  # base_link to base_laser tf node
  ^
  base_link_to_laser_tf_node = Node(
  ^
    arguments=['0','0','0.18','0','0','0','base_link','laser']
                  ^
    arguments=['0','0','0.18','0','0','0','base_link','laser']
                      ^
    arguments=['0','0','0.18','0','0','0','base_link','laser']
                             ^
    arguments=['0','0','0.18','0','0','0','base_link','laser']
                                 ^
    arguments=['0','0','0.18','0','0','0','base_link','laser']
                                     ^
    arguments=['0','0','0.18','0','0','0','base_link','laser']
                                         ^
    arguments=['0','0','0.18','0','0','0','base_link','laser']
                                                     ^
  # Define LaunchDescription variable
  ^
  # Define LaunchDescription variable
  ^
  ld = LaunchDescription()
  ^
  ld.add_action(ldlidar_node)
  ^
  ld.add_action(base_link_to_laser_tf_node)
  ^
  return ld  ^
  return ld           ^
'''
Parameter Description:
---
- Set laser scan directon: 
  1. Set counterclockwise, example: {'laser_scan_dir': True}
  2. Set clockwise,        example: {'laser_scan_dir': False}
- Angle crop setting, Mask data within the set angle range:
  1. Enable angle crop fuction:
    1.1. enable angle crop,  example: {'enable_angle_crop_func': True}
    1.2. disable angle crop, example: {'enable_angle_crop_func': False}
  2. Angle cropping interval setting:
  - The distance and intensity data within the set angle range will be set to 0.
  - angle &gt;= 'angle_crop_min' and angle &lt;= 'angle_crop_max' which is [angle_crop_min, angle_crop_max], unit is degress.
    example:
      {'angle_crop_min': 135.0}
      {'angle_crop_max': 225.0}
      which is [135.0, 225.0], angle unit is degress.
- Serial port communication mode or network port communication mode configuration
  --enable serial communication mode:
  {'enable_serial_or_network_communication': True}
  --enable network communication mode:
  {'enable_serial_or_network_communication': False}
'''
^
'''
Parameter Description:
---
- Set laser scan directon: 
  1. Set counterclockwise, example: {'laser_scan_dir': True}
  2. Set clockwise,        example: {'laser_scan_dir': False}
- Angle crop setting, Mask data within the set angle range:
  1. Enable angle crop fuction:
    1.1. enable angle crop,  example: {'enable_angle_crop_func': True}
    1.2. disable angle crop, example: {'enable_angle_crop_func': False}
  2. Angle cropping interval setting:
  - The distance and intensity data within the set angle range will be set to 0.
  - angle &gt;= 'angle_crop_min' and angle &lt;= 'angle_crop_max' which is [angle_crop_min, angle_crop_max], unit is degress.
    example:
      {'angle_crop_min': 135.0}
      {'angle_crop_max': 225.0}
      which is [135.0, 225.0], angle unit is degress.
- Serial port communication mode or network port communication mode configuration
  --enable serial communication mode:
  {'enable_serial_or_network_communication': True}
  --enable network communication mode:
  {'enable_serial_or_network_communication': False}
'''
   
                      ^
'''
Parameter Description:
---
- Set laser scan directon: 
  1. Set counterclockwise, example: {'laser_scan_dir': True}
  2. Set clockwise,        example: {'laser_scan_dir': False}
- Angle crop setting, Mask data within the set angle range:
  1. Enable angle crop fuction:
    1.1. enable angle crop,  example: {'enable_angle_crop_func': True}
    1.2. disable angle crop, example: {'enable_angle_crop_func': False}
  2. Angle cropping interval setting:
  - The distance and intensity data within the set angle range will be set to 0.
  - angle &gt;= 'angle_crop_min' and angle &lt;= 'angle_crop_max' which is [angle_crop_min, angle_crop_max], unit is degress.
    example:
      {'angle_crop_min': 135.0}
      {'angle_crop_max': 225.0}
      which is [135.0, 225.0], angle unit is degress.
- Serial port communication mode or network port communication mode configuration
  --enable serial communication mode:
  {'enable_serial_or_network_communication': True}
  --enable network communication mode:
  {'enable_serial_or_network_communication': False}
'''
   
                      
   
                           
                                        ^
def generate_launch_description():
^
  # LDROBOT LiDAR publisher node
  ^
  ldlidar_node = Node(
  ^
        {'device_ip': '192.168.1.200'},  #雷达源ip
                                         ^
        {'difop_ip': '192.168.1.102'},    #目标ip
                                          ^
  # base_link to base_laser tf node
  ^
  base_link_to_laser_tf_node = Node(
  ^
    arguments=['0','0','0.18','0','0','0','base_link','laser']
                  ^
    arguments=['0','0','0.18','0','0','0','base_link','laser']
                      ^
    arguments=['0','0','0.18','0','0','0','base_link','laser']
                             ^
    arguments=['0','0','0.18','0','0','0','base_link','laser']
                                 ^
    arguments=['0','0','0.18','0','0','0','base_link','laser']
                                     ^
    arguments=['0','0','0.18','0','0','0','base_link','laser']
                                         ^
    arguments=['0','0','0.18','0','0','0','base_link','laser']
                                                     ^
  # Define LaunchDescription variable
  ^
  # Define LaunchDescription variable
  ^
  ld = LaunchDescription()
  ^
  ld.add_action(ldlidar_node)
  ^
  ld.add_action(base_link_to_laser_tf_node)
  ^
  return ld  ^
  return ld           ^
'''
Parameter Description:
---
- Set laser scan directon: 
  1. Set counterclockwise, example: {'laser_scan_dir': True}
  2. Set clockwise,        example: {'laser_scan_dir': False}
- Angle crop setting, Mask data within the set angle range:
  1. Enable angle crop fuction:
    1.1. enable angle crop,  example: {'enable_angle_crop_func': True}
    1.2. disable angle crop, example: {'enable_angle_crop_func': False}
  2. Angle cropping interval setting:
  - The distance and intensity data within the set angle range will be set to 0.
  - angle &gt;= 'angle_crop_min' and angle &lt;= 'angle_crop_max' which is [angle_crop_min, angle_crop_max], unit is degress.
    example:
      {'angle_crop_min': 135.0}
      {'angle_crop_max': 225.0}
      which is [135.0, 225.0], angle unit is degress.
- Serial port communication mode or network port communication mode configuration
  --enable serial communication mode:
  {'enable_serial_or_network_communication': True}
  --enable network communication mode:
  {'enable_serial_or_network_communication': False}
'''
^
'''
Parameter Description:
---
- Set laser scan directon: 
  1. Set counterclockwise, example: {'laser_scan_dir': True}
  2. Set clockwise,        example: {'laser_scan_dir': False}
- Angle crop setting, Mask data within the set angle range:
  1. Enable angle crop fuction:
    1.1. enable angle crop,  example: {'enable_angle_crop_func': True}
    1.2. disable angle crop, example: {'enable_angle_crop_func': False}
  2. Angle cropping interval setting:
  - The distance and intensity data within the set angle range will be set to 0.
  - angle &gt;= 'angle_crop_min' and angle &lt;= 'angle_crop_max' which is [angle_crop_min, angle_crop_max], unit is degress.
    example:
      {'angle_crop_min': 135.0}
      {'angle_crop_max': 225.0}
      which is [135.0, 225.0], angle unit is degress.
- Serial port communication mode or network port communication mode configuration
  --enable serial communication mode:
  {'enable_serial_or_network_communication': True}
  --enable network communication mode:
  {'enable_serial_or_network_communication': False}
'''
   
                      ^
'''
Parameter Description:
---
- Set laser scan directon: 
  1. Set counterclockwise, example: {'laser_scan_dir': True}
  2. Set clockwise,        example: {'laser_scan_dir': False}
- Angle crop setting, Mask data within the set angle range:
  1. Enable angle crop fuction:
    1.1. enable angle crop,  example: {'enable_angle_crop_func': True}
    1.2. disable angle crop, example: {'enable_angle_crop_func': False}
  2. Angle cropping interval setting:
  - The distance and intensity data within the set angle range will be set to 0.
  - angle &gt;= 'angle_crop_min' and angle &lt;= 'angle_crop_max' which is [angle_crop_min, angle_crop_max], unit is degress.
    example:
      {'angle_crop_min': 135.0}
      {'angle_crop_max': 225.0}
      which is [135.0, 225.0], angle unit is degress.
- Serial port communication mode or network port communication mode configuration
  --enable serial communication mode:
  {'enable_serial_or_network_communication': True}
  --enable network communication mode:
  {'enable_serial_or_network_communication': False}
'''
   
                      
   
                           
                                        ^
def generate_launch_description():
^
  # LDROBOT LiDAR publisher node
  ^
  ldlidar_node = Node(
  ^
  # base_link to base_laser tf node
  ^
  base_link_to_laser_tf_node = Node(
  ^
    arguments=['0','0','0.18','0','0','0','base_link','base_laser']
                  ^
    arguments=['0','0','0.18','0','0','0','base_link','base_laser']
                      ^
    arguments=['0','0','0.18','0','0','0','base_link','base_laser']
                             ^
    arguments=['0','0','0.18','0','0','0','base_link','base_laser']
                                 ^
    arguments=['0','0','0.18','0','0','0','base_link','base_laser']
                                     ^
    arguments=['0','0','0.18','0','0','0','base_link','base_laser']
                                         ^
    arguments=['0','0','0.18','0','0','0','base_link','base_laser']
                                                     ^
  # Define LaunchDescription variable
  ^
  # Define LaunchDescription variable
  ^
  ld = LaunchDescription()
  ^
  ld.add_action(ldlidar_node)
  ^
  ld.add_action(base_link_to_laser_tf_node)
  ^
  return ld  ^
  return ld           ^
'''
Parameter Description:
---
- Set laser scan directon: 
  1. Set counterclockwise, example: {'laser_scan_dir': True}
  2. Set clockwise,        example: {'laser_scan_dir': False}
- Angle crop setting, Mask data within the set angle range:
  1. Enable angle crop fuction:
    1.1. enable angle crop,  example: {'enable_angle_crop_func': True}
    1.2. disable angle crop, example: {'enable_angle_crop_func': False}
  2. Angle cropping interval setting:
  - The distance and intensity data within the set angle range will be set to 0.
  - angle &gt;= 'angle_crop_min' and angle &lt;= 'angle_crop_max' which is [angle_crop_min, angle_crop_max], unit is degress.
    example:
      {'angle_crop_min': 135.0}
      {'angle_crop_max': 225.0}
      which is [135.0, 225.0], angle unit is degress.
- Serial port communication mode or network port communication mode configuration
  --enable serial communication mode:
  {'enable_serial_or_network_communication': True}
  --enable network communication mode:
  {'enable_serial_or_network_communication': False}
'''
^
'''
Parameter Description:
---
- Set laser scan directon: 
  1. Set counterclockwise, example: {'laser_scan_dir': True}
  2. Set clockwise,        example: {'laser_scan_dir': False}
- Angle crop setting, Mask data within the set angle range:
  1. Enable angle crop fuction:
    1.1. enable angle crop,  example: {'enable_angle_crop_func': True}
    1.2. disable angle crop, example: {'enable_angle_crop_func': False}
  2. Angle cropping interval setting:
  - The distance and intensity data within the set angle range will be set to 0.
  - angle &gt;= 'angle_crop_min' and angle &lt;= 'angle_crop_max' which is [angle_crop_min, angle_crop_max], unit is degress.
    example:
      {'angle_crop_min': 135.0}
      {'angle_crop_max': 225.0}
      which is [135.0, 225.0], angle unit is degress.
- Serial port communication mode or network port communication mode configuration
  --enable serial communication mode:
  {'enable_serial_or_network_communication': True}
  --enable network communication mode:
  {'enable_serial_or_network_communication': False}
'''
   
                      ^
'''
Parameter Description:
---
- Set laser scan directon: 
  1. Set counterclockwise, example: {'laser_scan_dir': True}
  2. Set clockwise,        example: {'laser_scan_dir': False}
- Angle crop setting, Mask data within the set angle range:
  1. Enable angle crop fuction:
    1.1. enable angle crop,  example: {'enable_angle_crop_func': True}
    1.2. disable angle crop, example: {'enable_angle_crop_func': False}
  2. Angle cropping interval setting:
  - The distance and intensity data within the set angle range will be set to 0.
  - angle &gt;= 'angle_crop_min' and angle &lt;= 'angle_crop_max' which is [angle_crop_min, angle_crop_max], unit is degress.
    example:
      {'angle_crop_min': 135.0}
      {'angle_crop_max': 225.0}
      which is [135.0, 225.0], angle unit is degress.
- Serial port communication mode or network port communication mode configuration
  --enable serial communication mode:
  {'enable_serial_or_network_communication': True}
  --enable network communication mode:
  {'enable_serial_or_network_communication': False}
'''
   
                      
   
                           
                                        ^
def generate_launch_description():
^
  # LDROBOT LiDAR publisher node
  ^
  ldlidar_node = Node(
  ^
        {'laser_scan_dir': False},      #False:雷达倒装  True:雷达正装
                                        ^
  # base_link to base_laser tf node
  ^
  base_link_to_laser_tf_node = Node(
  ^
  base_link_to_laser_tf_node = Node(
  ^
    arguments=['0','0','0.18','0','0','0','base_link','laser']
                  ^
    arguments=['0','0','0.18','0','0','0','base_link','laser']
                      ^
    arguments=['0','0','0.18','0','0','0','base_link','laser']
                             ^
    arguments=['0','0','0.18','0','0','0','base_link','laser']
                                 ^
    arguments=['0','0','0.18','0','0','0','base_link','laser']
                                     ^
    arguments=['0','0','0.18','0','0','0','base_link','laser']
                                         ^
    arguments=['0','0','0.18','0','0','0','base_link','laser']
                                                     ^
  # Define LaunchDescription variable
  ^
  # Define LaunchDescription variable
  ^
  ld = LaunchDescription()
  ^
  ld.add_action(ldlidar_node)
  ^
  # ld.add_action(base_link_to_laser_tf_node)
  ^
  return ld
  ^
'''
Parameter Description:
---
- Set laser scan directon: 
  1. Set counterclockwise, example: {'laser_scan_dir': True}
  2. Set clockwise,        example: {'laser_scan_dir': False}
- Angle crop setting, Mask data within the set angle range:
  1. Enable angle crop fuction:
    1.1. enable angle crop,  example: {'enable_angle_crop_func': True}
    1.2. disable angle crop, example: {'enable_angle_crop_func': False}
  2. Angle cropping interval setting:
  - The distance and intensity data within the set angle range will be set to 0.
  - angle &gt;= 'angle_crop_min' and angle &lt;= 'angle_crop_max' which is [angle_crop_min, angle_crop_max], unit is degress.
    example:
      {'angle_crop_min': 135.0}
      {'angle_crop_max': 225.0}
      which is [135.0, 225.0], angle unit is degress.
- Serial port communication mode or network port communication mode configuration
  --enable serial communication mode:
  {'enable_serial_or_network_communication': True}
  --enable network communication mode:
  {'enable_serial_or_network_communication': False}
'''
^
'''
Parameter Description:
---
- Set laser scan directon: 
  1. Set counterclockwise, example: {'laser_scan_dir': True}
  2. Set clockwise,        example: {'laser_scan_dir': False}
- Angle crop setting, Mask data within the set angle range:
  1. Enable angle crop fuction:
    1.1. enable angle crop,  example: {'enable_angle_crop_func': True}
    1.2. disable angle crop, example: {'enable_angle_crop_func': False}
  2. Angle cropping interval setting:
  - The distance and intensity data within the set angle range will be set to 0.
  - angle &gt;= 'angle_crop_min' and angle &lt;= 'angle_crop_max' which is [angle_crop_min, angle_crop_max], unit is degress.
    example:
      {'angle_crop_min': 135.0}
      {'angle_crop_max': 225.0}
      which is [135.0, 225.0], angle unit is degress.
- Serial port communication mode or network port communication mode configuration
  --enable serial communication mode:
  {'enable_serial_or_network_communication': True}
  --enable network communication mode:
  {'enable_serial_or_network_communication': False}
'''
   
                      ^
'''
Parameter Description:
---
- Set laser scan directon: 
  1. Set counterclockwise, example: {'laser_scan_dir': True}
  2. Set clockwise,        example: {'laser_scan_dir': False}
- Angle crop setting, Mask data within the set angle range:
  1. Enable angle crop fuction:
    1.1. enable angle crop,  example: {'enable_angle_crop_func': True}
    1.2. disable angle crop, example: {'enable_angle_crop_func': False}
  2. Angle cropping interval setting:
  - The distance and intensity data within the set angle range will be set to 0.
  - angle &gt;= 'angle_crop_min' and angle &lt;= 'angle_crop_max' which is [angle_crop_min, angle_crop_max], unit is degress.
    example:
      {'angle_crop_min': 135.0}
      {'angle_crop_max': 225.0}
      which is [135.0, 225.0], angle unit is degress.
- Serial port communication mode or network port communication mode configuration
  --enable serial communication mode:
  {'enable_serial_or_network_communication': True}
  --enable network communication mode:
  {'enable_serial_or_network_communication': False}
'''
   
                      
   
                           
                                        ^
def generate_launch_description():
^
  # LDROBOT LiDAR publisher node
  ^
  ldlidar_node = Node(
  ^
        {'device_ip': '192.168.1.200'},  #雷达源ip
                                         ^
        {'difop_ip': '192.168.1.102'},    #目标ip
                                          ^
        {'laser_scan_dir': False},      #False:雷达倒装  True:雷达正装
                                        ^
  # base_link to base_laser tf node
  ^
  base_link_to_laser_tf_node = Node(
  ^
  base_link_to_laser_tf_node = Node(
  ^
    arguments=['0','0','0.18','0','0','0','base_link','laser']
                  ^
    arguments=['0','0','0.18','0','0','0','base_link','laser']
                      ^
    arguments=['0','0','0.18','0','0','0','base_link','laser']
                             ^
    arguments=['0','0','0.18','0','0','0','base_link','laser']
                                 ^
    arguments=['0','0','0.18','0','0','0','base_link','laser']
                                     ^
    arguments=['0','0','0.18','0','0','0','base_link','laser']
                                         ^
    arguments=['0','0','0.18','0','0','0','base_link','laser']
                                                     ^
  # Define LaunchDescription variable
  ^

./launch/ld06.launch.py:5:1: Q001 Single quote multiline found but double quotes preferred

./launch/ld06.launch.py:8:27: W291 trailing whitespace

./launch/ld06.launch.py:17:100: E501 line too long (119 &gt; 99 characters)

./launch/ld06.launch.py:29:1: E302 expected 2 blank lines, found 1

./launch/ld06.launch.py:30:3: E114 indentation is not a multiple of 4 (comment)

./launch/ld06.launch.py:31:3: E111 indentation is not a multiple of 4

./launch/ld06.launch.py:55:3: E114 indentation is not a multiple of 4 (comment)

./launch/ld06.launch.py:56:3: E111 indentation is not a multiple of 4

./launch/ld06.launch.py:60:19: E231 missing whitespace after ','

./launch/ld06.launch.py:60:23: E231 missing whitespace after ','

./launch/ld06.launch.py:60:30: E231 missing whitespace after ','

./launch/ld06.launch.py:60:34: E231 missing whitespace after ','

./launch/ld06.launch.py:60:38: E231 missing whitespace after ','

./launch/ld06.launch.py:60:42: E231 missing whitespace after ','

./launch/ld06.launch.py:60:54: E231 missing whitespace after ','

./launch/ld06.launch.py:64:3: E303 too many blank lines (2)

./launch/ld06.launch.py:64:3: E114 indentation is not a multiple of 4 (comment)

./launch/ld06.launch.py:65:3: E111 indentation is not a multiple of 4

./launch/ld06.launch.py:67:3: E111 indentation is not a multiple of 4

./launch/ld06.launch.py:68:3: E111 indentation is not a multiple of 4

./launch/ld06.launch.py:70:3: E111 indentation is not a multiple of 4

./launch/ld06.launch.py:70:12: W292 no newline at end of file

./launch/ld06net.launch.py:5:1: Q001 Single quote multiline found but double quotes preferred

./launch/ld06net.launch.py:8:27: W291 trailing whitespace

./launch/ld06net.launch.py:17:100: E501 line too long (119 &gt; 99 characters)

./launch/ld06net.launch.py:29:1: E302 expected 2 blank lines, found 1

./launch/ld06net.launch.py:30:3: E114 indentation is not a multiple of 4 (comment)

./launch/ld06net.launch.py:31:3: E111 indentation is not a multiple of 4

./launch/ld06net.launch.py:41:42: E262 inline comment should start with '# '

./launch/ld06net.launch.py:43:43: E262 inline comment should start with '# '

./launch/ld06net.launch.py:56:3: E114 indentation is not a multiple of 4 (comment)

./launch/ld06net.launch.py:57:3: E111 indentation is not a multiple of 4

./launch/ld06net.launch.py:61:19: E231 missing whitespace after ','

./launch/ld06net.launch.py:61:23: E231 missing whitespace after ','

./launch/ld06net.launch.py:61:30: E231 missing whitespace after ','

./launch/ld06net.launch.py:61:34: E231 missing whitespace after ','

./launch/ld06net.launch.py:61:38: E231 missing whitespace after ','

./launch/ld06net.launch.py:61:42: E231 missing whitespace after ','

./launch/ld06net.launch.py:61:54: E231 missing whitespace after ','

./launch/ld06net.launch.py:65:3: E303 too many blank lines (2)

./launch/ld06net.launch.py:65:3: E114 indentation is not a multiple of 4 (comment)

./launch/ld06net.launch.py:66:3: E111 indentation is not a multiple of 4

./launch/ld06net.launch.py:68:3: E111 indentation is not a multiple of 4

./launch/ld06net.launch.py:69:3: E111 indentation is not a multiple of 4

./launch/ld06net.launch.py:71:3: E111 indentation is not a multiple of 4

./launch/ld06net.launch.py:71:12: W292 no newline at end of file

./launch/ld19.launch.py:5:1: Q001 Single quote multiline found but double quotes preferred

./launch/ld19.launch.py:8:27: W291 trailing whitespace

./launch/ld19.launch.py:17:100: E501 line too long (119 &gt; 99 characters)

./launch/ld19.launch.py:29:1: E302 expected 2 blank lines, found 1

./launch/ld19.launch.py:30:3: E114 indentation is not a multiple of 4 (comment)

./launch/ld19.launch.py:31:3: E111 indentation is not a multiple of 4

./launch/ld19.launch.py:53:3: E114 indentation is not a multiple of 4 (comment)

./launch/ld19.launch.py:54:3: E111 indentation is not a multiple of 4

./launch/ld19.launch.py:58:19: E231 missing whitespace after ','

./launch/ld19.launch.py:58:23: E231 missing whitespace after ','

./launch/ld19.launch.py:58:30: E231 missing whitespace after ','

./launch/ld19.launch.py:58:34: E231 missing whitespace after ','

./launch/ld19.launch.py:58:38: E231 missing whitespace after ','

./launch/ld19.launch.py:58:42: E231 missing whitespace after ','

./launch/ld19.launch.py:58:54: E231 missing whitespace after ','

./launch/ld19.launch.py:62:3: E303 too many blank lines (2)

./launch/ld19.launch.py:62:3: E114 indentation is not a multiple of 4 (comment)

./launch/ld19.launch.py:63:3: E111 indentation is not a multiple of 4

./launch/ld19.launch.py:65:3: E111 indentation is not a multiple of 4

./launch/ld19.launch.py:66:3: E111 indentation is not a multiple of 4

./launch/ld19.launch.py:68:3: E111 indentation is not a multiple of 4

./launch/ld19.launch.py:68:12: W292 no newline at end of file

./launch/stl06n.launch.py:5:1: Q001 Single quote multiline found but double quotes preferred

./launch/stl06n.launch.py:8:27: W291 trailing whitespace

./launch/stl06n.launch.py:17:100: E501 line too long (119 &gt; 99 characters)

./launch/stl06n.launch.py:29:1: E302 expected 2 blank lines, found 1

./launch/stl06n.launch.py:30:3: E114 indentation is not a multiple of 4 (comment)

./launch/stl06n.launch.py:31:3: E111 indentation is not a multiple of 4

./launch/stl06n.launch.py:45:41: E262 inline comment should start with '# '

./launch/stl06n.launch.py:55:3: E114 indentation is not a multiple of 4 (comment)

./launch/stl06n.launch.py:56:3: F841 local variable 'base_link_to_laser_tf_node' is assigned to but never used

./launch/stl06n.launch.py:56:3: E111 indentation is not a multiple of 4

./launch/stl06n.launch.py:60:19: E231 missing whitespace after ','

./launch/stl06n.launch.py:60:23: E231 missing whitespace after ','

./launch/stl06n.launch.py:60:30: E231 missing whitespace after ','

./launch/stl06n.launch.py:60:34: E231 missing whitespace after ','

./launch/stl06n.launch.py:60:38: E231 missing whitespace after ','

./launch/stl06n.launch.py:60:42: E231 missing whitespace after ','

./launch/stl06n.launch.py:60:54: E231 missing whitespace after ','

./launch/stl06n.launch.py:64:3: E303 too many blank lines (2)

./launch/stl06n.launch.py:64:3: E114 indentation is not a multiple of 4 (comment)

./launch/stl06n.launch.py:65:3: E111 indentation is not a multiple of 4

./launch/stl06n.launch.py:67:3: E111 indentation is not a multiple of 4

./launch/stl06n.launch.py:68:3: E114 indentation is not a multiple of 4 (comment)

./launch/stl06n.launch.py:70:3: E111 indentation is not a multiple of 4

./launch/stl06nnet.launch.py:5:1: Q001 Single quote multiline found but double quotes preferred

./launch/stl06nnet.launch.py:8:27: W291 trailing whitespace

./launch/stl06nnet.launch.py:17:100: E501 line too long (119 &gt; 99 characters)

./launch/stl06nnet.launch.py:29:1: E302 expected 2 blank lines, found 1

./launch/stl06nnet.launch.py:30:3: E114 indentation is not a multiple of 4 (comment)

./launch/stl06nnet.launch.py:31:3: E111 indentation is not a multiple of 4

./launch/stl06nnet.launch.py:41:42: E262 inline comment should start with '# '

./launch/stl06nnet.launch.py:43:43: E262 inline comment should start with '# '

./launch/stl06nnet.launch.py:46:41: E262 inline comment should start with '# '

./launch/stl06nnet.launch.py:56:3: E114 indentation is not a multiple of 4 (comment)

./launch/stl06nnet.launch.py:57:3: F841 local variable 'base_link_to_laser_tf_node' is assigned to but never used

./launch/stl06nnet.launch.py:57:3: E111 indentation is not a multiple of 4

./launch/stl06nnet.launch.py:61:19: E231 missing whitespace after ','

./launch/stl06nnet.launch.py:61:23: E231 missing whitespace after ','

./launch/stl06nnet.launch.py:61:30: E231 missing whitespace after ','

./launch/stl06nnet.launch.py:61:34: E231 missing whitespace after ','

./launch/stl06nnet.launch.py:61:38: E231 missing whitespace after ','

./launch/stl06nnet.launch.py:61:42: E231 missing whitespace after ','

./launch/stl06nnet.launch.py:61:54: E231 missing whitespace after ','

./launch/stl06nnet.launch.py:65:3: E303 too many blank lines (2)

  # Define LaunchDescription variable
  ^
  ld = LaunchDescription()
  ^
  ld.add_action(ldlidar_node)
  ^
  # ld.add_action(base_link_to_laser_tf_node)
  ^
  return ld
  ^
'''
Parameter Description:
---
- Set laser scan directon: 
  1. Set counterclockwise, example: {'laser_scan_dir': True}
  2. Set clockwise,        example: {'laser_scan_dir': False}
- Angle crop setting, Mask data within the set angle range:
  1. Enable angle crop fuction:
    1.1. enable angle crop,  example: {'enable_angle_crop_func': True}
    1.2. disable angle crop, example: {'enable_angle_crop_func': False}
  2. Angle cropping interval setting:
  - The distance and intensity data within the set angle range will be set to 0.
  - angle &gt;= 'angle_crop_min' and angle &lt;= 'angle_crop_max' which is [angle_crop_min, angle_crop_max], unit is degress.
    example:
      {'angle_crop_min': 135.0}
      {'angle_crop_max': 225.0}
      which is [135.0, 225.0], angle unit is degress.
- Serial port communication mode or network port communication mode configuration
  --enable serial communication mode:
  {'enable_serial_or_network_communication': True}
  --enable network communication mode:
  {'enable_serial_or_network_communication': False}
'''
^
'''
Parameter Description:
---
- Set laser scan directon: 
  1. Set counterclockwise, example: {'laser_scan_dir': True}
  2. Set clockwise,        example: {'laser_scan_dir': False}
- Angle crop setting, Mask data within the set angle range:
  1. Enable angle crop fuction:
    1.1. enable angle crop,  example: {'enable_angle_crop_func': True}
    1.2. disable angle crop, example: {'enable_angle_crop_func': False}
  2. Angle cropping interval setting:
  - The distance and intensity data within the set angle range will be set to 0.
  - angle &gt;= 'angle_crop_min' and angle &lt;= 'angle_crop_max' which is [angle_crop_min, angle_crop_max], unit is degress.
    example:
      {'angle_crop_min': 135.0}
      {'angle_crop_max': 225.0}
      which is [135.0, 225.0], angle unit is degress.
- Serial port communication mode or network port communication mode configuration
  --enable serial communication mode:
  {'enable_serial_or_network_communication': True}
  --enable network communication mode:
  {'enable_serial_or_network_communication': False}
'''
   
                      ^
'''
Parameter Description:
---
- Set laser scan directon: 
  1. Set counterclockwise, example: {'laser_scan_dir': True}
  2. Set clockwise,        example: {'laser_scan_dir': False}
- Angle crop setting, Mask data within the set angle range:
  1. Enable angle crop fuction:
    1.1. enable angle crop,  example: {'enable_angle_crop_func': True}
    1.2. disable angle crop, example: {'enable_angle_crop_func': False}
  2. Angle cropping interval setting:
  - The distance and intensity data within the set angle range will be set to 0.
  - angle &gt;= 'angle_crop_min' and angle &lt;= 'angle_crop_max' which is [angle_crop_min, angle_crop_max], unit is degress.
    example:
      {'angle_crop_min': 135.0}
      {'angle_crop_max': 225.0}
      which is [135.0, 225.0], angle unit is degress.
- Serial port communication mode or network port communication mode configuration
  --enable serial communication mode:
  {'enable_serial_or_network_communication': True}
  --enable network communication mode:
  {'enable_serial_or_network_communication': False}
'''
   
                      
   
                           
                                        ^
def generate_launch_description():
^
  # LDROBOT LiDAR publisher node
  ^
  ldlidar_node = Node(
  ^
  # base_link to base_laser tf node
  ^
  base_link_to_laser_tf_node = Node(
  ^
    arguments=['0','0','0.18','0','0','0','base_link','base_laser']
                  ^
    arguments=['0','0','0.18','0','0','0','base_link','base_laser']
                      ^
    arguments=['0','0','0.18','0','0','0','base_link','base_laser']
                             ^
    arguments=['0','0','0.18','0','0','0','base_link','base_laser']
                                 ^
    arguments=['0','0','0.18','0','0','0','base_link','base_laser']
                                     ^
    arguments=['0','0','0.18','0','0','0','base_link','base_laser']
                                         ^
    arguments=['0','0','0.18','0','0','0','base_link','base_laser']
                                                     ^
  # Define LaunchDescription variable
  ^
  # Define LaunchDescription variable
  ^
  ld = LaunchDescription()
  ^
  ld.add_action(ldlidar_node)
  ^
  ld.add_action(base_link_to_laser_tf_node)
  ^
  return ld  ^
  return ld           ^
'''
Parameter Description:
---
- Set laser scan directon: 
  1. Set counterclockwise, example: {'laser_scan_dir': True}
  2. Set clockwise,        example: {'laser_scan_dir': False}
- Angle crop setting, Mask data within the set angle range:
  1. Enable angle crop fuction:
    1.1. enable angle crop,  example: {'enable_angle_crop_func': True}
    1.2. disable angle crop, example: {'enable_angle_crop_func': False}
  2. Angle cropping interval setting:
  - The distance and intensity data within the set angle range will be set to 0.
  - angle &gt;= 'angle_crop_min' and angle &lt;= 'angle_crop_max' which is [angle_crop_min, angle_crop_max], unit is degress.
    example:
      {'angle_crop_min': 135.0}
      {'angle_crop_max': 225.0}
      which is [135.0, 225.0], angle unit is degress.
- Serial port communication mode or network port communication mode configuration
  --enable serial communication mode:
  {'enable_serial_or_network_communication': True}
  --enable network communication mode:
  {'enable_serial_or_network_communication': False}
'''
^
'''
Parameter Description:
---
- Set laser scan directon: 
  1. Set counterclockwise, example: {'laser_scan_dir': True}
  2. Set clockwise,        example: {'laser_scan_dir': False}
- Angle crop setting, Mask data within the set angle range:
  1. Enable angle crop fuction:
    1.1. enable angle crop,  example: {'enable_angle_crop_func': True}
    1.2. disable angle crop, example: {'enable_angle_crop_func': False}
  2. Angle cropping interval setting:
  - The distance and intensity data within the set angle range will be set to 0.
  - angle &gt;= 'angle_crop_min' and angle &lt;= 'angle_crop_max' which is [angle_crop_min, angle_crop_max], unit is degress.
    example:
      {'angle_crop_min': 135.0}
      {'angle_crop_max': 225.0}
      which is [135.0, 225.0], angle unit is degress.
- Serial port communication mode or network port communication mode configuration
  --enable serial communication mode:
  {'enable_serial_or_network_communication': True}
  --enable network communication mode:
  {'enable_serial_or_network_communication': False}
'''
   
                      ^
'''
Parameter Description:
---
- Set laser scan directon: 
  1. Set counterclockwise, example: {'laser_scan_dir': True}
  2. Set clockwise,        example: {'laser_scan_dir': False}
- Angle crop setting, Mask data within the set angle range:
  1. Enable angle crop fuction:
    1.1. enable angle crop,  example: {'enable_angle_crop_func': True}
    1.2. disable angle crop, example: {'enable_angle_crop_func': False}
  2. Angle cropping interval setting:
  - The distance and intensity data within the set angle range will be set to 0.
  - angle &gt;= 'angle_crop_min' and angle &lt;= 'angle_crop_max' which is [angle_crop_min, angle_crop_max], unit is degress.
    example:
      {'angle_crop_min': 135.0}
      {'angle_crop_max': 225.0}
      which is [135.0, 225.0], angle unit is degress.
- Serial port communication mode or network port communication mode configuration
  --enable serial communication mode:
  {'enable_serial_or_network_communication': True}
  --enable network communication mode:
  {'enable_serial_or_network_communication': False}
'''
   
                      
   
                           
                                        ^
def generate_launch_description():
^
  # LDROBOT LiDAR publisher node
  ^
  ldlidar_node = Node(
  ^
  # base_link to base_laser tf node
  ^
  base_link_to_laser_tf_node = Node(
  ^
    arguments=['0','0','0.18','0','0','0','base_link','laser']
                  ^
    arguments=['0','0','0.18','0','0','0','base_link','laser']
                      ^
    arguments=['0','0','0.18','0','0','0','base_link','laser']
                             ^
    arguments=['0','0','0.18','0','0','0','base_link','laser']
                                 ^
    arguments=['0','0','0.18','0','0','0','base_link','laser']
                                     ^
    arguments=['0','0','0.18','0','0','0','base_link','laser']
                                         ^
    arguments=['0','0','0.18','0','0','0','base_link','laser']
                                                     ^
  # Define LaunchDescription variable
  ^
  # Define LaunchDescription variable
  ^
  ld = LaunchDescription()
  ^
  ld.add_action(ldlidar_node)
  ^
  ld.add_action(base_link_to_laser_tf_node)
  ^
  return ld  ^
  return ld           ^
'''
Parameter Description:
---
- Set laser scan directon: 
  1. Set counterclockwise, example: {'laser_scan_dir': True}
  2. Set clockwise,        example: {'laser_scan_dir': False}
- Angle crop setting, Mask data within the set angle range:
  1. Enable angle crop fuction:
    1.1. enable angle crop,  example: {'enable_angle_crop_func': True}
    1.2. disable angle crop, example: {'enable_angle_crop_func': False}
  2. Angle cropping interval setting:
  - The distance and intensity data within the set angle range will be set to 0.
  - angle &gt;= 'angle_crop_min' and angle &lt;= 'angle_crop_max' which is [angle_crop_min, angle_crop_max], unit is degress.
    example:
      {'angle_crop_min': 135.0}
      {'angle_crop_max': 225.0}
      which is [135.0, 225.0], angle unit is degress.
- Serial port communication mode or network port communication mode configuration
  --enable serial communication mode:
  {'enable_serial_or_network_communication': True}
  --enable network communication mode:
  {'enable_serial_or_network_communication': False}
'''
^
'''
Parameter Description:
---
- Set laser scan directon: 
  1. Set counterclockwise, example: {'laser_scan_dir': True}
  2. Set clockwise,        example: {'laser_scan_dir': False}
- Angle crop setting, Mask data within the set angle range:
  1. Enable angle crop fuction:
    1.1. enable angle crop,  example: {'enable_angle_crop_func': True}
    1.2. disable angle crop, example: {'enable_angle_crop_func': False}
  2. Angle cropping interval setting:
  - The distance and intensity data within the set angle range will be set to 0.
  - angle &gt;= 'angle_crop_min' and angle &lt;= 'angle_crop_max' which is [angle_crop_min, angle_crop_max], unit is degress.
    example:
      {'angle_crop_min': 135.0}
      {'angle_crop_max': 225.0}
      which is [135.0, 225.0], angle unit is degress.
- Serial port communication mode or network port communication mode configuration
  --enable serial communication mode:
  {'enable_serial_or_network_communication': True}
  --enable network communication mode:
  {'enable_serial_or_network_communication': False}
'''
   
                      ^
'''
Parameter Description:
---
- Set laser scan directon: 
  1. Set counterclockwise, example: {'laser_scan_dir': True}
  2. Set clockwise,        example: {'laser_scan_dir': False}
- Angle crop setting, Mask data within the set angle range:
  1. Enable angle crop fuction:
    1.1. enable angle crop,  example: {'enable_angle_crop_func': True}
    1.2. disable angle crop, example: {'enable_angle_crop_func': False}
  2. Angle cropping interval setting:
  - The distance and intensity data within the set angle range will be set to 0.
  - angle &gt;= 'angle_crop_min' and angle &lt;= 'angle_crop_max' which is [angle_crop_min, angle_crop_max], unit is degress.
    example:
      {'angle_crop_min': 135.0}
      {'angle_crop_max': 225.0}
      which is [135.0, 225.0], angle unit is degress.
- Serial port communication mode or network port communication mode configuration
  --enable serial communication mode:
  {'enable_serial_or_network_communication': True}
  --enable network communication mode:
  {'enable_serial_or_network_communication': False}
'''
   
                      
   
                           
                                        ^
def generate_launch_description():
^
  # LDROBOT LiDAR publisher node
  ^
  ldlidar_node = Node(
  ^
        {'device_ip': '192.168.1.200'},  #雷达源ip
                                         ^
        {'difop_ip': '192.168.1.102'},    #目标ip
                                          ^
  # base_link to base_laser tf node
  ^
  base_link_to_laser_tf_node = Node(
  ^
    arguments=['0','0','0.18','0','0','0','base_link','laser']
                  ^
    arguments=['0','0','0.18','0','0','0','base_link','laser']
                      ^
    arguments=['0','0','0.18','0','0','0','base_link','laser']
                             ^
    arguments=['0','0','0.18','0','0','0','base_link','laser']
                                 ^
    arguments=['0','0','0.18','0','0','0','base_link','laser']
                                     ^
    arguments=['0','0','0.18','0','0','0','base_link','laser']
                                         ^
    arguments=['0','0','0.18','0','0','0','base_link','laser']
                                                     ^
  # Define LaunchDescription variable
  ^
  # Define LaunchDescription variable
  ^
  ld = LaunchDescription()
  ^
  ld.add_action(ldlidar_node)
  ^
  ld.add_action(base_link_to_laser_tf_node)
  ^
  return ld  ^
  return ld           ^
'''
Parameter Description:
---
- Set laser scan directon: 
  1. Set counterclockwise, example: {'laser_scan_dir': True}
  2. Set clockwise,        example: {'laser_scan_dir': False}
- Angle crop setting, Mask data within the set angle range:
  1. Enable angle crop fuction:
    1.1. enable angle crop,  example: {'enable_angle_crop_func': True}
    1.2. disable angle crop, example: {'enable_angle_crop_func': False}
  2. Angle cropping interval setting:
  - The distance and intensity data within the set angle range will be set to 0.
  - angle &gt;= 'angle_crop_min' and angle &lt;= 'angle_crop_max' which is [angle_crop_min, angle_crop_max], unit is degress.
    example:
      {'angle_crop_min': 135.0}
      {'angle_crop_max': 225.0}
      which is [135.0, 225.0], angle unit is degress.
- Serial port communication mode or network port communication mode configuration
  --enable serial communication mode:
  {'enable_serial_or_network_communication': True}
  --enable network communication mode:
  {'enable_serial_or_network_communication': False}
'''
^
'''
Parameter Description:
---
- Set laser scan directon: 
  1. Set counterclockwise, example: {'laser_scan_dir': True}
  2. Set clockwise,        example: {'laser_scan_dir': False}
- Angle crop setting, Mask data within the set angle range:
  1. Enable angle crop fuction:
    1.1. enable angle crop,  example: {'enable_angle_crop_func': True}
    1.2. disable angle crop, example: {'enable_angle_crop_func': False}
  2. Angle cropping interval setting:
  - The distance and intensity data within the set angle range will be set to 0.
  - angle &gt;= 'angle_crop_min' and angle &lt;= 'angle_crop_max' which is [angle_crop_min, angle_crop_max], unit is degress.
    example:
      {'angle_crop_min': 135.0}
      {'angle_crop_max': 225.0}
      which is [135.0, 225.0], angle unit is degress.
- Serial port communication mode or network port communication mode configuration
  --enable serial communication mode:
  {'enable_serial_or_network_communication': True}
  --enable network communication mode:
  {'enable_serial_or_network_communication': False}
'''
   
                      ^
'''
Parameter Description:
---
- Set laser scan directon: 
  1. Set counterclockwise, example: {'laser_scan_dir': True}
  2. Set clockwise,        example: {'laser_scan_dir': False}
- Angle crop setting, Mask data within the set angle range:
  1. Enable angle crop fuction:
    1.1. enable angle crop,  example: {'enable_angle_crop_func': True}
    1.2. disable angle crop, example: {'enable_angle_crop_func': False}
  2. Angle cropping interval setting:
  - The distance and intensity data within the set angle range will be set to 0.
  - angle &gt;= 'angle_crop_min' and angle &lt;= 'angle_crop_max' which is [angle_crop_min, angle_crop_max], unit is degress.
    example:
      {'angle_crop_min': 135.0}
      {'angle_crop_max': 225.0}
      which is [135.0, 225.0], angle unit is degress.
- Serial port communication mode or network port communication mode configuration
  --enable serial communication mode:
  {'enable_serial_or_network_communication': True}
  --enable network communication mode:
  {'enable_serial_or_network_communication': False}
'''
   
                      
   
                           
                                        ^
def generate_launch_description():
^
  # LDROBOT LiDAR publisher node
  ^
  ldlidar_node = Node(
  ^
  # base_link to base_laser tf node
  ^
  base_link_to_laser_tf_node = Node(
  ^
    arguments=['0','0','0.18','0','0','0','base_link','base_laser']
                  ^
    arguments=['0','0','0.18','0','0','0','base_link','base_laser']
                      ^
    arguments=['0','0','0.18','0','0','0','base_link','base_laser']
                             ^
    arguments=['0','0','0.18','0','0','0','base_link','base_laser']
                                 ^
    arguments=['0','0','0.18','0','0','0','base_link','base_laser']
                                     ^
    arguments=['0','0','0.18','0','0','0','base_link','base_laser']
                                         ^
    arguments=['0','0','0.18','0','0','0','base_link','base_laser']
                                                     ^
  # Define LaunchDescription variable
  ^
  # Define LaunchDescription variable
  ^
  ld = LaunchDescription()
  ^
  ld.add_action(ldlidar_node)
  ^
  ld.add_action(base_link_to_laser_tf_node)
  ^
  return ld  ^
  return ld           ^
'''
Parameter Description:
---
- Set laser scan directon: 
  1. Set counterclockwise, example: {'laser_scan_dir': True}
  2. Set clockwise,        example: {'laser_scan_dir': False}
- Angle crop setting, Mask data within the set angle range:
  1. Enable angle crop fuction:
    1.1. enable angle crop,  example: {'enable_angle_crop_func': True}
    1.2. disable angle crop, example: {'enable_angle_crop_func': False}
  2. Angle cropping interval setting:
  - The distance and intensity data within the set angle range will be set to 0.
  - angle &gt;= 'angle_crop_min' and angle &lt;= 'angle_crop_max' which is [angle_crop_min, angle_crop_max], unit is degress.
    example:
      {'angle_crop_min': 135.0}
      {'angle_crop_max': 225.0}
      which is [135.0, 225.0], angle unit is degress.
- Serial port communication mode or network port communication mode configuration
  --enable serial communication mode:
  {'enable_serial_or_network_communication': True}
  --enable network communication mode:
  {'enable_serial_or_network_communication': False}
'''
^
'''
Parameter Description:
---
- Set laser scan directon: 
  1. Set counterclockwise, example: {'laser_scan_dir': True}
  2. Set clockwise,        example: {'laser_scan_dir': False}
- Angle crop setting, Mask data within the set angle range:
  1. Enable angle crop fuction:
    1.1. enable angle crop,  example: {'enable_angle_crop_func': True}
    1.2. disable angle crop, example: {'enable_angle_crop_func': False}
  2. Angle cropping interval setting:
  - The distance and intensity data within the set angle range will be set to 0.
  - angle &gt;= 'angle_crop_min' and angle &lt;= 'angle_crop_max' which is [angle_crop_min, angle_crop_max], unit is degress.
    example:
      {'angle_crop_min': 135.0}
      {'angle_crop_max': 225.0}
      which is [135.0, 225.0], angle unit is degress.
- Serial port communication mode or network port communication mode configuration
  --enable serial communication mode:
  {'enable_serial_or_network_communication': True}
  --enable network communication mode:
  {'enable_serial_or_network_communication': False}
'''
   
                      ^
'''
Parameter Description:
---
- Set laser scan directon: 
  1. Set counterclockwise, example: {'laser_scan_dir': True}
  2. Set clockwise,        example: {'laser_scan_dir': False}
- Angle crop setting, Mask data within the set angle range:
  1. Enable angle crop fuction:
    1.1. enable angle crop,  example: {'enable_angle_crop_func': True}
    1.2. disable angle crop, example: {'enable_angle_crop_func': False}
  2. Angle cropping interval setting:
  - The distance and intensity data within the set angle range will be set to 0.
  - angle &gt;= 'angle_crop_min' and angle &lt;= 'angle_crop_max' which is [angle_crop_min, angle_crop_max], unit is degress.
    example:
      {'angle_crop_min': 135.0}
      {'angle_crop_max': 225.0}
      which is [135.0, 225.0], angle unit is degress.
- Serial port communication mode or network port communication mode configuration
  --enable serial communication mode:
  {'enable_serial_or_network_communication': True}
  --enable network communication mode:
  {'enable_serial_or_network_communication': False}
'''
   
                      
   
                           
                                        ^
def generate_launch_description():
^
  # LDROBOT LiDAR publisher node
  ^
  ldlidar_node = Node(
  ^
  # base_link to base_laser tf node
  ^
  base_link_to_laser_tf_node = Node(
  ^
    arguments=['0','0','0.18','0','0','0','base_link','base_laser']
                  ^
    arguments=['0','0','0.18','0','0','0','base_link','base_laser']
                      ^
    arguments=['0','0','0.18','0','0','0','base_link','base_laser']
                             ^
    arguments=['0','0','0.18','0','0','0','base_link','base_laser']
                                 ^
    arguments=['0','0','0.18','0','0','0','base_link','base_laser']
                                     ^
    arguments=['0','0','0.18','0','0','0','base_link','base_laser']
                                         ^
    arguments=['0','0','0.18','0','0','0','base_link','base_laser']
                                                     ^
  # Define LaunchDescription variable
  ^
  # Define LaunchDescription variable
  ^
./launch/stl06nnet.launch.py:65:3: E114 indentation is not a multiple of 4 (comment)

./launch/stl06nnet.launch.py:66:3: E111 indentation is not a multiple of 4

./launch/stl06nnet.launch.py:68:3: E111 indentation is not a multiple of 4

./launch/stl06nnet.launch.py:69:3: E114 indentation is not a multiple of 4 (comment)

./launch/stl06nnet.launch.py:71:3: E111 indentation is not a multiple of 4

./launch/stl06p.launch.py:5:1: Q001 Single quote multiline found but double quotes preferred

./launch/stl06p.launch.py:8:27: W291 trailing whitespace

./launch/stl06p.launch.py:17:100: E501 line too long (119 &gt; 99 characters)

./launch/stl06p.launch.py:29:1: E302 expected 2 blank lines, found 1

./launch/stl06p.launch.py:30:3: E114 indentation is not a multiple of 4 (comment)

./launch/stl06p.launch.py:31:3: E111 indentation is not a multiple of 4

./launch/stl06p.launch.py:53:3: E114 indentation is not a multiple of 4 (comment)

./launch/stl06p.launch.py:54:3: E111 indentation is not a multiple of 4

./launch/stl06p.launch.py:58:19: E231 missing whitespace after ','

./launch/stl06p.launch.py:58:23: E231 missing whitespace after ','

./launch/stl06p.launch.py:58:30: E231 missing whitespace after ','

./launch/stl06p.launch.py:58:34: E231 missing whitespace after ','

./launch/stl06p.launch.py:58:38: E231 missing whitespace after ','

./launch/stl06p.launch.py:58:42: E231 missing whitespace after ','

./launch/stl06p.launch.py:58:54: E231 missing whitespace after ','

./launch/stl06p.launch.py:62:3: E303 too many blank lines (2)

./launch/stl06p.launch.py:62:3: E114 indentation is not a multiple of 4 (comment)

./launch/stl06p.launch.py:63:3: E111 indentation is not a multiple of 4

./launch/stl06p.launch.py:65:3: E111 indentation is not a multiple of 4

./launch/stl06p.launch.py:66:3: E111 indentation is not a multiple of 4

./launch/stl06p.launch.py:68:3: E111 indentation is not a multiple of 4

./launch/stl06p.launch.py:68:12: W292 no newline at end of file

./launch/stl19p.launch.py:5:1: Q001 Single quote multiline found but double quotes preferred

./launch/stl19p.launch.py:8:27: W291 trailing whitespace

./launch/stl19p.launch.py:17:100: E501 line too long (119 &gt; 99 characters)

./launch/stl19p.launch.py:29:1: E302 expected 2 blank lines, found 1

./launch/stl19p.launch.py:30:3: E114 indentation is not a multiple of 4 (comment)

./launch/stl19p.launch.py:31:3: E111 indentation is not a multiple of 4

./launch/stl19p.launch.py:55:3: E114 indentation is not a multiple of 4 (comment)

./launch/stl19p.launch.py:56:3: E111 indentation is not a multiple of 4

./launch/stl19p.launch.py:60:19: E231 missing whitespace after ','

./launch/stl19p.launch.py:60:23: E231 missing whitespace after ','

./launch/stl19p.launch.py:60:30: E231 missing whitespace after ','

./launch/stl19p.launch.py:60:34: E231 missing whitespace after ','

./launch/stl19p.launch.py:60:38: E231 missing whitespace after ','

./launch/stl19p.launch.py:60:42: E231 missing whitespace after ','

./launch/stl19p.launch.py:60:54: E231 missing whitespace after ','

./launch/stl19p.launch.py:64:3: E303 too many blank lines (2)

./launch/stl19p.launch.py:64:3: E114 indentation is not a multiple of 4 (comment)

./launch/stl19p.launch.py:65:3: E111 indentation is not a multiple of 4

./launch/stl19p.launch.py:67:3: E111 indentation is not a multiple of 4

./launch/stl19p.launch.py:68:3: E111 indentation is not a multiple of 4

./launch/stl19p.launch.py:70:3: E111 indentation is not a multiple of 4

./launch/stl19p.launch.py:70:12: W292 no newline at end of file

./launch/stl19pnet.launch.py:5:1: Q001 Single quote multiline found but double quotes preferred

./launch/stl19pnet.launch.py:8:27: W291 trailing whitespace

./launch/stl19pnet.launch.py:17:100: E501 line too long (119 &gt; 99 characters)

./launch/stl19pnet.launch.py:29:1: E302 expected 2 blank lines, found 1

./launch/stl19pnet.launch.py:30:3: E114 indentation is not a multiple of 4 (comment)

./launch/stl19pnet.launch.py:31:3: E111 indentation is not a multiple of 4

./launch/stl19pnet.launch.py:41:42: E262 inline comment should start with '# '

./launch/stl19pnet.launch.py:43:43: E262 inline comment should start with '# '

./launch/stl19pnet.launch.py:56:3: E114 indentation is not a multiple of 4 (comment)

./launch/stl19pnet.launch.py:57:3: E111 indentation is not a multiple of 4

[...]

./launch/viewer_stl26.launch.py:39:3: E111 indentation is not a multiple of 4

./launch/viewer_stl26.launch.py:39:12: W292 no newline at end of file

./launch/viewer_stl27l.launch.py:3:1: I201 Missing newline between import groups. 'from ament_index_python.packages import get_package_share_directory' is identified as Third Party and 'import os' is identified as Stdlib.

./launch/viewer_stl27l.launch.py:6:1: I100 Import statements are in the wrong order. 'from launch.actions import IncludeLaunchDescription' should be before 'from launch_ros.actions import Node'

./launch/viewer_stl27l.launch.py:9:1: E302 expected 2 blank lines, found 1

./launch/viewer_stl27l.launch.py:10:3: E114 indentation is not a multiple of 4 (comment)

./launch/viewer_stl27l.launch.py:11:3: E111 indentation is not a multiple of 4

./launch/viewer_stl27l.launch.py:16:1: W293 blank line contains whitespace

./launch/viewer_stl27l.launch.py:17:3: E111 indentation is not a multiple of 4

./launch/viewer_stl27l.launch.py:21:22: E231 missing whitespace after ','

./launch/viewer_stl27l.launch.py:25:3: E114 indentation is not a multiple of 4 (comment)

./launch/viewer_stl27l.launch.py:25:3: E265 block comment should start with '# '

./launch/viewer_stl27l.launch.py:26:3: E111 indentation is not a multiple of 4

./launch/viewer_stl27l.launch.py:33:3: E114 indentation is not a multiple of 4 (comment)

./launch/viewer_stl27l.launch.py:34:3: E111 indentation is not a multiple of 4

./launch/viewer_stl27l.launch.py:36:3: E111 indentation is not a multiple of 4

./launch/viewer_stl27l.launch.py:37:3: E111 indentation is not a multiple of 4

./launch/viewer_stl27l.launch.py:38:1: W293 blank line contains whitespace

./launch/viewer_stl27l.launch.py:39:3: E111 indentation is not a multiple of 4

./launch/viewer_stl27l.launch.py:39:12: W292 no newline at end of file


16 files checked
336 errors

'E'-type errors: 276
'F'-type errors: 2
'I'-type errors: 12
'Q'-type errors: 10
'W'-type errors: 36

Checked files:

* ./launch/stl26.launch.py
* ./launch/viewer_ld19.launch.py
* ./launch/viewer_stl27l.launch.py
* ./launch/stl06nnet.launch.py
* ./launch/viewer_stl06p.launch.py
* ./launch/stl19pnet.launch.py
* ./launch/viewer_ld06.launch.py
* ./launch/ld19.launch.py
* ./launch/stl27l.launch.py
* ./launch/stl06n.launch.py
* ./launch/viewer_stl06n.launch.py
* ./launch/viewer_stl26.launch.py
* ./launch/ld06net.launch.py
* ./launch/stl19p.launch.py
* ./launch/stl06p.launch.py
* ./launch/ld06.launch.py
-- run_test.py: return code 1
-- run_test.py: verify result file '/home/kenbio/sensor_ws/build/ldlidar/test_results/ldlidar/flake8.xunit.xml'
</Value>
				</Measurement>
			</Results>
			<Labels>
				<Label>flake8</Label>
				<Label>linter</Label>
			</Labels>
		</Test>
		<Test Status="failed">
			<Name>lint_cmake</Name>
			<Path>.</Path>
			<FullName>./lint_cmake</FullName>
			<FullCommandLine>/usr/bin/python3 "-u" "/opt/ros/jazzy/share/ament_cmake_test/cmake/run_test.py" "/home/kenbio/sensor_ws/build/ldlidar/test_results/ldlidar/lint_cmake.xunit.xml" "--package-name" "ldlidar" "--output-file" "/home/kenbio/sensor_ws/build/ldlidar/ament_lint_cmake/lint_cmake.txt" "--command" "/opt/ros/jazzy/bin/ament_lint_cmake" "--xunit-file" "/home/kenbio/sensor_ws/build/ldlidar/test_results/ldlidar/lint_cmake.xunit.xml"</FullCommandLine>
			<Results>
				<NamedMeasurement type="text/string" name="Exit Code">
					<Value>Failed</Value>
				</NamedMeasurement>
				<NamedMeasurement type="text/string" name="Exit Value">
					<Value>1</Value>
				</NamedMeasurement>
				<NamedMeasurement type="numeric/double" name="Execution Time">
					<Value>0.0762253</Value>
				</NamedMeasurement>
				<NamedMeasurement type="numeric/double" name="Processors">
					<Value>1</Value>
				</NamedMeasurement>
				<NamedMeasurement type="text/string" name="Completion Status">
					<Value>Completed</Value>
				</NamedMeasurement>
				<NamedMeasurement type="text/string" name="Command Line">
					<Value>/usr/bin/python3 "-u" "/opt/ros/jazzy/share/ament_cmake_test/cmake/run_test.py" "/home/kenbio/sensor_ws/build/ldlidar/test_results/ldlidar/lint_cmake.xunit.xml" "--package-name" "ldlidar" "--output-file" "/home/kenbio/sensor_ws/build/ldlidar/ament_lint_cmake/lint_cmake.txt" "--command" "/opt/ros/jazzy/bin/ament_lint_cmake" "--xunit-file" "/home/kenbio/sensor_ws/build/ldlidar/test_results/ldlidar/lint_cmake.xunit.xml"</Value>
				</NamedMeasurement>
				<NamedMeasurement type="text/string" name="Environment">
					<Value>#CTEST_RESOURCE_GROUP_COUNT=</Value>
				</NamedMeasurement>
				<Measurement>
					<Value>-- run_test.py: invoking following command in '/home/kenbio/sensor_ws/src/ldlidar_ros2/ldlidar':
 - /opt/ros/jazzy/bin/ament_lint_cmake --xunit-file /home/kenbio/sensor_ws/build/ldlidar/test_results/ldlidar/lint_cmake.xunit.xml
CMakeLists.txt:53: Line ends in whitespace [whitespace/eol]
CMakeLists.txt:54: Line ends in whitespace [whitespace/eol]
CMakeLists.txt:55: Line ends in whitespace [whitespace/eol]
CMakeLists.txt:56: Line ends in whitespace [whitespace/eol]
CMakeLists.txt:57: Line ends in whitespace [whitespace/eol]
CMakeLists.txt:58: Line ends in whitespace [whitespace/eol]
CMakeLists.txt:59: Line ends in whitespace [whitespace/eol]


7 errors
-- run_test.py: return code 1
-- run_test.py: verify result file '/home/kenbio/sensor_ws/build/ldlidar/test_results/ldlidar/lint_cmake.xunit.xml'
</Value>
				</Measurement>
			</Results>
			<Labels>
				<Label>lint_cmake</Label>
				<Label>linter</Label>
			</Labels>
		</Test>
		<Test Status="passed">
			<Name>pep257</Name>
			<Path>.</Path>
			<FullName>./pep257</FullName>
			<FullCommandLine>/usr/bin/python3 "-u" "/opt/ros/jazzy/share/ament_cmake_test/cmake/run_test.py" "/home/kenbio/sensor_ws/build/ldlidar/test_results/ldlidar/pep257.xunit.xml" "--package-name" "ldlidar" "--output-file" "/home/kenbio/sensor_ws/build/ldlidar/ament_pep257/pep257.txt" "--command" "/opt/ros/jazzy/bin/ament_pep257" "--xunit-file" "/home/kenbio/sensor_ws/build/ldlidar/test_results/ldlidar/pep257.xunit.xml"</FullCommandLine>
			<Results>
				<NamedMeasurement type="numeric/double" name="Execution Time">
					<Value>0.103054</Value>
				</NamedMeasurement>
				<NamedMeasurement type="numeric/double" name="Processors">
					<Value>1</Value>
				</NamedMeasurement>
				<NamedMeasurement type="text/string" name="Completion Status">
					<Value>Completed</Value>
				</NamedMeasurement>
				<NamedMeasurement type="text/string" name="Command Line">
					<Value>/usr/bin/python3 "-u" "/opt/ros/jazzy/share/ament_cmake_test/cmake/run_test.py" "/home/kenbio/sensor_ws/build/ldlidar/test_results/ldlidar/pep257.xunit.xml" "--package-name" "ldlidar" "--output-file" "/home/kenbio/sensor_ws/build/ldlidar/ament_pep257/pep257.txt" "--command" "/opt/ros/jazzy/bin/ament_pep257" "--xunit-file" "/home/kenbio/sensor_ws/build/ldlidar/test_results/ldlidar/pep257.xunit.xml"</Value>
				</NamedMeasurement>
				<NamedMeasurement type="text/string" name="Environment">
					<Value>#CTEST_RESOURCE_GROUP_COUNT=</Value>
				</NamedMeasurement>
				<Measurement>
					<Value>-- run_test.py: invoking following command in '/home/kenbio/sensor_ws/src/ldlidar_ros2/ldlidar':
 - /opt/ros/jazzy/bin/ament_pep257 --xunit-file /home/kenbio/sensor_ws/build/ldlidar/test_results/ldlidar/pep257.xunit.xml
checking ./launch/ld06.launch.py
checking ./launch/ld06net.launch.py
checking ./launch/ld19.launch.py
checking ./launch/stl06n.launch.py
checking ./launch/stl06nnet.launch.py
checking ./launch/stl06p.launch.py
checking ./launch/stl19p.launch.py
checking ./launch/stl19pnet.launch.py
checking ./launch/stl26.launch.py
checking ./launch/stl27l.launch.py
checking ./launch/viewer_ld06.launch.py
checking ./launch/viewer_ld19.launch.py
checking ./launch/viewer_stl06n.launch.py
checking ./launch/viewer_stl06p.launch.py
checking ./launch/viewer_stl26.launch.py
checking ./launch/viewer_stl27l.launch.py
No problems found
-- run_test.py: return code 0
-- run_test.py: verify result file '/home/kenbio/sensor_ws/build/ldlidar/test_results/ldlidar/pep257.xunit.xml'
</Value>
				</Measurement>
			</Results>
			<Labels>
				<Label>linter</Label>
				<Label>pep257</Label>
			</Labels>
		</Test>
		<Test Status="failed">
			<Name>uncrustify</Name>
			<Path>.</Path>
			<FullName>./uncrustify</FullName>
			<FullCommandLine>/usr/bin/python3 "-u" "/opt/ros/jazzy/share/ament_cmake_test/cmake/run_test.py" "/home/kenbio/sensor_ws/build/ldlidar/test_results/ldlidar/uncrustify.xunit.xml" "--package-name" "ldlidar" "--output-file" "/home/kenbio/sensor_ws/build/ldlidar/ament_uncrustify/uncrustify.txt" "--command" "/opt/ros/jazzy/bin/ament_uncrustify" "--xunit-file" "/home/kenbio/sensor_ws/build/ldlidar/test_results/ldlidar/uncrustify.xunit.xml"</FullCommandLine>
			<Results>
				<NamedMeasurement type="text/string" name="Exit Code">
					<Value>Failed</Value>
				</NamedMeasurement>
				<NamedMeasurement type="text/string" name="Exit Value">
					<Value>1</Value>
				</NamedMeasurement>
				<NamedMeasurement type="numeric/double" name="Execution Time">
					<Value>0.110905</Value>
				</NamedMeasurement>
				<NamedMeasurement type="numeric/double" name="Processors">
					<Value>1</Value>
				</NamedMeasurement>
				<NamedMeasurement type="text/string" name="Completion Status">
					<Value>Completed</Value>
				</NamedMeasurement>
				<NamedMeasurement type="text/string" name="Command Line">
					<Value>/usr/bin/python3 "-u" "/opt/ros/jazzy/share/ament_cmake_test/cmake/run_test.py" "/home/kenbio/sensor_ws/build/ldlidar/test_results/ldlidar/uncrustify.xunit.xml" "--package-name" "ldlidar" "--output-file" "/home/kenbio/sensor_ws/build/ldlidar/ament_uncrustify/uncrustify.txt" "--command" "/opt/ros/jazzy/bin/ament_uncrustify" "--xunit-file" "/home/kenbio/sensor_ws/build/ldlidar/test_results/ldlidar/uncrustify.xunit.xml"</Value>
				</NamedMeasurement>
				<NamedMeasurement type="text/string" name="Environment">
					<Value>#CTEST_RESOURCE_GROUP_COUNT=</Value>
				</NamedMeasurement>
				<Measurement>
					<Value>-- run_test.py: invoking following command in '/home/kenbio/sensor_ws/src/ldlidar_ros2/ldlidar':
 - /opt/ros/jazzy/bin/ament_uncrustify --xunit-file /home/kenbio/sensor_ws/build/ldlidar/test_results/ldlidar/uncrustify.xunit.xml
Code style divergence in file 'include/ros2_api.h':

--- include/ros2_api.h
+++ include/ros2_api.h.uncrustify
@@ -5 +5 @@
- *         This code is only applicable to LDROBOT LiDAR products 
+ *         This code is only applicable to LDROBOT LiDAR products
@@ -28 +28,2 @@
-struct LaserScanSetting {
+struct LaserScanSetting
+{
@@ -34 +35 @@
-    double min_range;
+  double min_range;

Code style divergence in file 'src/ros2_node/main.cpp':

--- src/ros2_node/main.cpp
+++ src/ros2_node/main.cpp.uncrustify
@@ -5,2 +5,2 @@
- *         This code is only applicable to LDROBOT LiDAR LD06 products 
- * sold by Shenzhen LDROBOT Co., LTD    
+ *         This code is only applicable to LDROBOT LiDAR LD06 products
+ * sold by Shenzhen LDROBOT Co., LTD
@@ -25,2 +25,4 @@
-void  ToLaserscanMessagePublish(ldlidar::Points2D&amp; src, double lidar_spin_freq, LaserScanSetting&amp; setting,
-  rclcpp::Node::SharedPtr&amp; node, rclcpp::Publisher&lt;sensor_msgs::msg::LaserScan&gt;::SharedPtr&amp; lidarpub);
+void  ToLaserscanMessagePublish(
+  ldlidar::Points2D &amp; src, double lidar_spin_freq, LaserScanSetting &amp; setting,
+  rclcpp::Node::SharedPtr &amp; node,
+  rclcpp::Publisher&lt;sensor_msgs::msg::LaserScan&gt;::SharedPtr &amp; lidarpub);
@@ -30 +32,2 @@
-int main(int argc, char **argv) {
+int main(int argc, char **argv)
+{
@@ -34,2 +37,2 @@
-	std::string topic_name;
-	std::string port_name;
+  std::string topic_name;
+  std::string port_name;
@@ -42 +45 @@
-	setting.frame_id = "base_laser";
+  setting.frame_id = "base_laser";
@@ -49 +52 @@
-  
+
@@ -55 +58 @@
-  
+
@@ -60 +63,2 @@
-  node-&gt;declare_parameter&lt;bool&gt;("enable_serial_or_network_communication", enable_serial_or_network_communication);
+  node-&gt;declare_parameter&lt;bool&gt;("enable_serial_or_network_communication",
+    enable_serial_or_network_communication);
@@ -77 +81,2 @@
-  node-&gt;get_parameter("enable_serial_or_network_communication", enable_serial_or_network_communication);
+  node-&gt;get_parameter("enable_serial_or_network_communication",
+    enable_serial_or_network_communication);
@@ -89 +94 @@
-  
+
@@ -101,3 +106,4 @@
-  ldlidar::LDLidarDriver* ldlidarnode = new ldlidar::LDLidarDriver();
-
-  RCLCPP_INFO(node-&gt;get_logger(), "LDLiDAR SDK Pack Version is: %s", ldlidarnode-&gt;GetLidarSdkVersionNumber().c_str());
+  ldlidar::LDLidarDriver * ldlidarnode = new ldlidar::LDLidarDriver();
+
+  RCLCPP_INFO(node-&gt;get_logger(), "LDLiDAR SDK Pack Version is: %s",
+    ldlidarnode-&gt;GetLidarSdkVersionNumber().c_str());
@@ -107,2 +113,2 @@
-  RCLCPP_INFO(node-&gt;get_logger(), "&lt;enable_serial_or_network_communication&gt;: %s", 
-    (enable_serial_or_network_communication?"Enable serial":"Enable network"));
+  RCLCPP_INFO(node-&gt;get_logger(), "&lt;enable_serial_or_network_communication&gt;: %s",
+    (enable_serial_or_network_communication ? "Enable serial" : "Enable network"));
@@ -113,2 +119,4 @@
-  RCLCPP_INFO(node-&gt;get_logger(), "&lt;laser_scan_dir&gt;: %s", (setting.laser_scan_dir?"Counterclockwise":"Clockwise"));
-  RCLCPP_INFO(node-&gt;get_logger(), "&lt;enable_angle_crop_func&gt;: %s", (setting.enable_angle_crop_func?"true":"false"));
+  RCLCPP_INFO(node-&gt;get_logger(), "&lt;laser_scan_dir&gt;: %s",
+    (setting.laser_scan_dir ? "Counterclockwise" : "Clockwise"));
+  RCLCPP_INFO(node-&gt;get_logger(), "&lt;enable_angle_crop_func&gt;: %s",
+    (setting.enable_angle_crop_func ? "true" : "false"));
@@ -129 +137 @@
-  }else if (product_name == "LDLiDAR_STL26") {
+  } else if (product_name == "LDLiDAR_STL26") {
@@ -151 +159,3 @@
-    if (ldlidarnode-&gt;Start(type_name, devip_str_,UDP_PORT_NUMBER_DIFOP,devip_str_difop,UDP_PORT_NUMBER,group_ip)) {
+    if (ldlidarnode-&gt;Start(type_name, devip_str_, UDP_PORT_NUMBER_DIFOP, devip_str_difop,
+      UDP_PORT_NUMBER, group_ip))
+    {
@@ -167,3 +177,3 @@
-  rclcpp::Publisher&lt;sensor_msgs::msg::LaserScan&gt;::SharedPtr publisher = 
-      node-&gt;create_publisher&lt;sensor_msgs::msg::LaserScan&gt;(topic_name, 10);
-  
+  rclcpp::Publisher&lt;sensor_msgs::msg::LaserScan&gt;::SharedPtr publisher =
+    node-&gt;create_publisher&lt;sensor_msgs::msg::LaserScan&gt;(topic_name, 10);
+
@@ -176,2 +186,2 @@
-    switch (ldlidarnode-&gt;GetLaserScanData(laser_scan_points, 1000)){
-      case ldlidar::LidarStatus::NORMAL: 
+    switch (ldlidarnode-&gt;GetLaserScanData(laser_scan_points, 1000)) {
+      case ldlidar::LidarStatus::NORMAL:
@@ -189 +199,2 @@
-        RCLCPP_ERROR(node-&gt;get_logger(), "get ldlidar data is time out, please check your lidar device.");
+        RCLCPP_ERROR(node-&gt;get_logger(),
+        "get ldlidar data is time out, please check your lidar device.");
@@ -211,2 +222,5 @@
-void  ToLaserscanMessagePublish(ldlidar::Points2D&amp; src,  double lidar_spin_freq, LaserScanSetting&amp; setting,
-  rclcpp::Node::SharedPtr&amp; node, rclcpp::Publisher&lt;sensor_msgs::msg::LaserScan&gt;::SharedPtr&amp; lidarpub) {
+void  ToLaserscanMessagePublish(
+  ldlidar::Points2D &amp; src, double lidar_spin_freq, LaserScanSetting &amp; setting,
+  rclcpp::Node::SharedPtr &amp; node,
+  rclcpp::Publisher&lt;sensor_msgs::msg::LaserScan&gt;::SharedPtr &amp; lidarpub)
+{
@@ -233 +247 @@
-  angle_increment = (angle_max - angle_min) / (float)(beam_size -1);
+  angle_increment = (angle_max - angle_min) / (float)(beam_size - 1);
@@ -255 +269 @@
-      float intensity = point.intensity;      // laser receive intensity 
+      float intensity = point.intensity;      // laser receive intensity
@@ -259 +273 @@
-        range = std::numeric_limits&lt;float&gt;::quiet_NaN(); 
+        range = std::numeric_limits&lt;float&gt;::quiet_NaN();
@@ -270,4 +284,4 @@
-          range = std::numeric_limits&lt;float&gt;::quiet_NaN();
-          intensity = std::numeric_limits&lt;float&gt;::quiet_NaN();
-        }
-        
+        range = std::numeric_limits&lt;float&gt;::quiet_NaN();
+        intensity = std::numeric_limits&lt;float&gt;::quiet_NaN();
+      }
+
@@ -278 +292,2 @@
-          RCLCPP_ERROR(node-&gt;get_logger(), "error index: %d, beam_size: %d, angle: %f, output.angle_min: %f, output.angle_increment: %f", 
+          RCLCPP_ERROR(node-&gt;get_logger(),
+            "error index: %d, beam_size: %d, angle: %f, output.angle_min: %f, output.angle_increment: %f",
@@ -288 +303 @@
-                    //   value, it can be re assigned
+                   //   value, it can be re assigned
@@ -290 +305 @@
-                output.ranges[index_anticlockwise] = range;
+              output.ranges[index_anticlockwise] = range;
@@ -299 +314 @@
-                  //   value, it can be re assigned
+                   //   value, it can be re assigned
@@ -310 +325 @@
-  } 
+  }
@@ -313,2 +328,3 @@
-uint64_t GetSystemTimeStamp(void) {
-  std::chrono::time_point&lt;std::chrono::system_clock, std::chrono::nanoseconds&gt; tp = 
+uint64_t GetSystemTimeStamp(void)
+{
+  std::chrono::time_point&lt;std::chrono::system_clock, std::chrono::nanoseconds&gt; tp =
@@ -317 +333 @@
-  return ((uint64_t)tmp.count());
+  return  (uint64_t)tmp.count();

2 files with code style divergence
-- run_test.py: return code 1
-- run_test.py: verify result file '/home/kenbio/sensor_ws/build/ldlidar/test_results/ldlidar/uncrustify.xunit.xml'
</Value>
				</Measurement>
			</Results>
			<Labels>
				<Label>linter</Label>
				<Label>uncrustify</Label>
			</Labels>
		</Test>
		<Test Status="passed">
			<Name>xmllint</Name>
			<Path>.</Path>
			<FullName>./xmllint</FullName>
			<FullCommandLine>/usr/bin/python3 "-u" "/opt/ros/jazzy/share/ament_cmake_test/cmake/run_test.py" "/home/kenbio/sensor_ws/build/ldlidar/test_results/ldlidar/xmllint.xunit.xml" "--package-name" "ldlidar" "--output-file" "/home/kenbio/sensor_ws/build/ldlidar/ament_xmllint/xmllint.txt" "--command" "/opt/ros/jazzy/bin/ament_xmllint" "--xunit-file" "/home/kenbio/sensor_ws/build/ldlidar/test_results/ldlidar/xmllint.xunit.xml"</FullCommandLine>
			<Results>
				<NamedMeasurement type="numeric/double" name="Execution Time">
					<Value>2.88271</Value>
				</NamedMeasurement>
				<NamedMeasurement type="numeric/double" name="Processors">
					<Value>1</Value>
				</NamedMeasurement>
				<NamedMeasurement type="text/string" name="Completion Status">
					<Value>Completed</Value>
				</NamedMeasurement>
				<NamedMeasurement type="text/string" name="Command Line">
					<Value>/usr/bin/python3 "-u" "/opt/ros/jazzy/share/ament_cmake_test/cmake/run_test.py" "/home/kenbio/sensor_ws/build/ldlidar/test_results/ldlidar/xmllint.xunit.xml" "--package-name" "ldlidar" "--output-file" "/home/kenbio/sensor_ws/build/ldlidar/ament_xmllint/xmllint.txt" "--command" "/opt/ros/jazzy/bin/ament_xmllint" "--xunit-file" "/home/kenbio/sensor_ws/build/ldlidar/test_results/ldlidar/xmllint.xunit.xml"</Value>
				</NamedMeasurement>
				<NamedMeasurement type="text/string" name="Environment">
					<Value>#CTEST_RESOURCE_GROUP_COUNT=</Value>
				</NamedMeasurement>
				<Measurement>
					<Value>-- run_test.py: invoking following command in '/home/kenbio/sensor_ws/src/ldlidar_ros2/ldlidar':
 - /opt/ros/jazzy/bin/ament_xmllint --xunit-file /home/kenbio/sensor_ws/build/ldlidar/test_results/ldlidar/xmllint.xunit.xml
File 'package.xml' is valid

No problems found
-- run_test.py: return code 0
-- run_test.py: verify result file '/home/kenbio/sensor_ws/build/ldlidar/test_results/ldlidar/xmllint.xunit.xml'
</Value>
				</Measurement>
			</Results>
			<Labels>
				<Label>linter</Label>
				<Label>xmllint</Label>
			</Labels>
		</Test>
		<EndDateTime>Apr 09 16:32 CST</EndDateTime>
		<EndTestTime>1775723578</EndTestTime>
		<ElapsedMinutes>0</ElapsedMinutes>
	</Testing>
</Site>
