<?xml version="1.0" encoding="utf-8"?><testsuites><testsuite name="pytest" errors="0" failures="1" skipped="1" tests="4" time="0.253" timestamp="2026-04-09T16:32:55.168912" hostname="kenbio-UBUNTU24"><testcase classname="imu_ros2_device.test.test_copyright" name="test_copyright" time="0.000"><skipped type="pytest.skip" message="No copyright header has been placed in the generated source file.">/home/kenbio/sensor_ws/src/imu_ros2_device/test/test_copyright.py:20: No copyright header has been placed in the generated source file.</skipped></testcase><testcase classname="imu_ros2_device.test.test_flake8" name="test_flake8" time="0.118"><failure message="AssertionError: Found 137 code style errors / warnings:&#10;  ./imu_ros2_device/vendor_ybimu/YbImuSerialLib.py:6:1: I201 Missing newline between import groups. 'import serial' is identified as Third Party and 'import time' is identified as Stdlib.&#10;  ./imu_ros2_device/vendor_ybimu/YbImuSerialLib.py:7:1: I100 Import statements are in the wrong order. 'import threading' should be before 'import serial' and in a different group.&#10;  ./imu_ros2_device/vendor_ybimu/YbImuSerialLib.py:7:1: I201 Missing newline between import groups. 'import threading' is identified as Stdlib and 'import serial' is identified as Third Party.&#10;  ./imu_ros2_device/vendor_ybimu/YbImuSerialLib.py:8:1: I100 Import statements are in the wrong order. 'import math' should be before 'import threading'&#10;  ./imu_ros2_device/vendor_ybimu/YbImuSerialLib.py:49:1: W293 blank line contains whitespace&#10;  ./imu_ros2_device/vendor_ybimu/YbImuSerialLib.py:50:9: E303 too many blank lines (2)&#10;  ./imu_ros2_device/vendor_ybimu/YbImuSerialLib.py:79:9: E303 too many blank lines (2)&#10;  ./imu_ros2_device/vendor_ybimu/YbImuSerialLib.py:84:9: E303 too many blank lines (2)&#10;  ./imu_ros2_device/vendor_ybimu/YbImuSerialLib.py:85:19: Q000 Double quotes found but single quotes preferred&#10;  ./imu_ros2_device/vendor_ybimu/YbImuSerialLib.py:87:19: Q000 Double quotes found but single quotes preferred&#10;  ./imu_ros2_device/vendor_ybimu/YbImuSerialLib.py:90:5: E303 too many blank lines (2)&#10;  ./imu_ros2_device/vendor_ybimu/YbImuSerialLib.py:93:19: Q000 Double quotes found but single quotes preferred&#10;  ./imu_ros2_device/vendor_ybimu/YbImuSerialLib.py:94:9: E722 do not use bare 'except'&#10;  ./imu_ros2_device/vendor_ybimu/YbImuSerialLib.py:98:5: E303 too many blank lines (2)&#10;  ./imu_ros2_device/vendor_ybimu/YbImuSerialLib.py:98:40: Q000 Double quotes found but single quotes preferred&#10;  ./imu_ros2_device/vendor_ybimu/YbImuSerialLib.py:102:14: E211 whitespace before '('&#10;  ./imu_ros2_device/vendor_ybimu/YbImuSerialLib.py:102:27: Q000 Double quotes found but single quotes preferred&#10;  ./imu_ros2_device/vendor_ybimu/YbImuSerialLib.py:102:83: Q000 Double quotes found but single quotes preferred&#10;  ./imu_ros2_device/vendor_ybimu/YbImuSerialLib.py:111:1: W293 blank line contains whitespace&#10;  ./imu_ros2_device/vendor_ybimu/YbImuSerialLib.py:161:5: E303 too many blank lines (2)&#10;  ./imu_ros2_device/vendor_ybimu/YbImuSerialLib.py:162:5: E301 expected 1 blank line, found 0&#10;  ./imu_ros2_device/vendor_ybimu/YbImuSerialLib.py:200:27: Q000 Double quotes found but single quotes preferred&#10;  ./imu_ros2_device/vendor_ybimu/YbImuSerialLib.py:201:27: Q000 Double quotes found but single quotes preferred&#10;  ./imu_ros2_device/vendor_ybimu/YbImuSerialLib.py:204:5: E303 too many blank lines (2)&#10;  ./imu_ros2_device/vendor_ybimu/YbImuSerialLib.py:217:5: E303 too many blank lines (2)&#10;  ./imu_ros2_device/vendor_ybimu/YbImuSerialLib.py:219:5: E301 expected 1 blank line, found 0&#10;  ./imu_ros2_device/vendor_ybimu/YbImuSerialLib.py:220:100: E501 line too long (111 &gt; 99 characters)&#10;  ./imu_ros2_device/vendor_ybimu/YbImuSerialLib.py:225:30: Q000 Double quotes found but single quotes preferred&#10;  ./imu_ros2_device/vendor_ybimu/YbImuSerialLib.py:231:21: Q000 Double quotes found but single quotes preferred&#10;  ./imu_ros2_device/vendor_ybimu/YbImuSerialLib.py:233:32: E225 missing whitespace around operator&#10;  ./imu_ros2_device/vendor_ybimu/YbImuSerialLib.py:235:19: Q000 Double quotes found but single quotes preferred&#10;  ./imu_ros2_device/vendor_ybimu/YbImuSerialLib.py:237:9: E722 do not use bare 'except'&#10;  ./imu_ros2_device/vendor_ybimu/YbImuSerialLib.py:240:1: W293 blank line contains whitespace&#10;  ./imu_ros2_device/vendor_ybimu/YbImuSerialLib.py:242:5: E303 too many blank lines (3)&#10;  ./imu_ros2_device/vendor_ybimu/YbImuSerialLib.py:244:5: E301 expected 1 blank line, found 0&#10;  ./imu_ros2_device/vendor_ybimu/YbImuSerialLib.py:280:30: Q000 Double quotes found but single quotes preferred&#10;  ./imu_ros2_device/vendor_ybimu/YbImuSerialLib.py:292:30: Q000 Double quotes found but single quotes preferred&#10;  ./imu_ros2_device/vendor_ybimu/YbImuSerialLib.py:296:5: E303 too many blank lines (2)&#10;  ./imu_ros2_device/vendor_ybimu/YbImuSerialLib.py:301:27: Q000 Double quotes found but single quotes preferred&#10;  ./imu_ros2_device/vendor_ybimu/YbImuSerialLib.py:301:39: Q000 Double quotes found but single quotes preferred&#10;  ./imu_ros2_device/vendor_ybimu/YbImuSerialLib.py:308:37: Q000 Double quotes found but single quotes preferred&#10;  ./imu_ros2_device/vendor_ybimu/YbImuSerialLib.py:312:5: E303 too many blank lines (2)&#10;  ./imu_ros2_device/vendor_ybimu/YbImuSerialLib.py:313:5: E301 expected 1 blank line, found 0&#10;  ./imu_ros2_device/vendor_ybimu/YbImuSerialLib.py:321:30: Q000 Double quotes found but single quotes preferred&#10;  ./imu_ros2_device/vendor_ybimu/YbImuSerialLib.py:322:52: Q000 Double quotes found but single quotes preferred&#10;  ./imu_ros2_device/vendor_ybimu/YbImuSerialLib.py:325:5: E303 too many blank lines (2)&#10;  ./imu_ros2_device/vendor_ybimu/YbImuSerialLib.py:326:5: E301 expected 1 blank line, found 0&#10;  ./imu_ros2_device/vendor_ybimu/YbImuSerialLib.py:334:30: Q000 Double quotes found but single quotes preferred&#10;  ./imu_ros2_device/vendor_ybimu/YbImuSerialLib.py:335:52: Q000 Double quotes found but single quotes preferred&#10;  ./imu_ros2_device/vendor_ybimu/YbImuSerialLib.py:338:5: E303 too many blank lines (2)&#10;  ./imu_ros2_device/vendor_ybimu/YbImuSerialLib.py:339:5: E301 expected 1 blank line, found 0&#10;  ./imu_ros2_device/vendor_ybimu/YbImuSerialLib.py:350:30: Q000 Double quotes found but single quotes preferred&#10;  ./imu_ros2_device/vendor_ybimu/YbImuSerialLib.py:351:53: Q000 Double quotes found but single quotes preferred&#10;  ./imu_ros2_device/vendor_ybimu/YbImuSerialLib.py:354:5: E303 too many blank lines (2)&#10;  ./imu_ros2_device/vendor_ybimu/YbImuSerialLib.py:356:5: E301 expected 1 blank line, found 0&#10;  ./imu_ros2_device/vendor_ybimu/YbImuSerialLib.py:400:100: E501 line too long (103 &gt; 99 characters)&#10;  ./imu_ros2_device/vendor_ybimu/YbImuSerialLib.py:413:27: Q000 Double quotes found but single quotes preferred&#10;  ./imu_ros2_device/vendor_ybimu/YbImuSerialLib.py:415:27: Q000 Double quotes found but single quotes preferred&#10;  ./imu_ros2_device/vendor_ybimu/YbImuSerialLib.py:427:30: Q000 Double quotes found but single quotes preferred&#10;  ./imu_ros2_device/vendor_ybimu/YbImuSerialLib.py:432:1: E303 too many blank lines (3)&#10;  ./imu_ros2_device/vendor_ybimu/YbImuSerialLib.py:435:11: Q000 Double quotes found but single quotes preferred&#10;  ./imu_ros2_device/vendor_ybimu/YbImuSerialLib.py:442:23: Q000 Double quotes found but single quotes preferred&#10;  ./imu_ros2_device/vendor_ybimu/YbImuSerialLib.py:446:13: E722 do not use bare 'except'&#10;  ./imu_ros2_device/vendor_ybimu/YbImuSerialLib.py:448:27: Q000 Double quotes found but single quotes preferred&#10;  ./imu_ros2_device/vendor_ybimu/YbImuSerialLib.py:451:15: Q000 Double quotes found but single quotes preferred&#10;  ./imu_ros2_device/vendor_ybimu/YbImuSerialLib.py:453:22: Q000 Double quotes found but single quotes preferred&#10;  ./imu_ros2_device/vendor_ybimu/YbImuSerialLib.py:453:39: Q000 Double quotes found but single quotes preferred&#10;  ./imu_ros2_device/vendor_ybimu/YbImuSerialLib.py:453:55: Q000 Double quotes found but single quotes preferred&#10;  ./imu_ros2_device/vendor_ybimu/YbImuSerialLib.py:453:71: Q000 Double quotes found but single quotes preferred&#10;  ./imu_ros2_device/vendor_ybimu/YbImuSerialLib.py:453:87: Q000 Double quotes found but single quotes preferred&#10;  ./imu_ros2_device/vendor_ybimu/YbImuSerialLib.py:453:100: E501 line too long (117 &gt; 99 characters)&#10;  ./imu_ros2_device/vendor_ybimu/YbImuSerialLib.py:453:103: Q000 Double quotes found but single quotes preferred&#10;  ./imu_ros2_device/vendor_ybimu/YbImuSerialLib.py:457:23: Q000 Double quotes found but single quotes preferred&#10;  ./imu_ros2_device/vendor_ybimu/YbImuSerialLib.py:459:13: E722 do not use bare 'except'&#10;  ./imu_ros2_device/vendor_ybimu/YbImuSerialLib.py:462:15: Q000 Double quotes found but single quotes preferred&#10;  ./imu_ros2_device/vendor_ybimu/YbImuSerialLib.py:464:1: W293 blank line contains whitespace&#10;  ./imu_ros2_device/vendor_ybimu/YbImuSerialLib.py:468:11: Q000 Double quotes found but single quotes preferred&#10;  ./imu_ros2_device/vendor_ybimu/YbImuSerialLib.py:494:19: Q000 Double quotes found but single quotes preferred&#10;  ./imu_ros2_device/vendor_ybimu/YbImuSerialLib.py:495:19: Q000 Double quotes found but single quotes preferred&#10;  ./imu_ros2_device/vendor_ybimu/YbImuSerialLib.py:496:19: Q000 Double quotes found but single quotes preferred&#10;  ./imu_ros2_device/vendor_ybimu/YbImuSerialLib.py:497:19: Q000 Double quotes found but single quotes preferred&#10;  ./imu_ros2_device/vendor_ybimu/YbImuSerialLib.py:498:19: Q000 Double quotes found but single quotes preferred&#10;  ./imu_ros2_device/vendor_ybimu/YbImuSerialLib.py:499:19: Q000 Double quotes found but single quotes preferred&#10;  ./imu_ros2_device/vendor_ybimu/YbImuSerialLib.py:500:19: Q000 Double quotes found but single quotes preferred&#10;  ./imu_ros2_device/vendor_ybimu/YbImuSerialLib.py:505:1: W391 blank line at end of file&#10;  ./imu_ros2_device/vendor_ybimu/__init__.py:1:1: F401 '.YbImuSerialLib.YbImuSerial' imported but unused&#10;  ./imu_ros2_device/ybimu_driver.py:9:1: I100 Import statements are in the wrong order. 'from rclpy.clock import Clock' should be before 'from rclpy.node import Node'&#10;  ./imu_ros2_device/ybimu_driver.py:18:32: Q000 Double quotes found but single quotes preferred&#10;  ./imu_ros2_device/ybimu_driver.py:18:45: Q000 Double quotes found but single quotes preferred&#10;  ./imu_ros2_device/ybimu_driver.py:19:32: Q000 Double quotes found but single quotes preferred&#10;  ./imu_ros2_device/ybimu_driver.py:20:13: Q000 Double quotes found but single quotes preferred&#10;  ./imu_ros2_device/ybimu_driver.py:21:13: Q000 Double quotes found but single quotes preferred&#10;  ./imu_ros2_device/ybimu_driver.py:22:13: Q000 Double quotes found but single quotes preferred&#10;  ./imu_ros2_device/ybimu_driver.py:23:13: Q000 Double quotes found but single quotes preferred&#10;  ./imu_ros2_device/ybimu_driver.py:27:5: E303 too many blank lines (2)&#10;  ./imu_ros2_device/ybimu_driver.py:28:46: Q000 Double quotes found but single quotes preferred&#10;  ./imu_ros2_device/ybimu_driver.py:30:32: Q000 Double quotes found but single quotes preferred&#10;  ./imu_ros2_device/ybimu_driver.py:39:40: Q000 Double quotes found but single quotes preferred&#10;  ./imu_ros2_device/ybimu_driver.py:42:40: Q000 Double quotes found but single quotes preferred&#10;  ./imu_ros2_device/ybimu_driver.py:44:37: Q000 Double quotes found but single quotes preferred&#10;  ./imu_ros2_device/ybimu_driver.py:49:56: Q000 Double quotes found but single quotes preferred&#10;  ./imu_ros2_device/ybimu_driver.py:50:66: Q000 Double quotes found but single quotes preferred&#10;  ./imu_ros2_device/ybimu_driver.py:51:71: Q000 Double quotes found but single quotes preferred&#10;  ./imu_ros2_device/ybimu_driver.py:52:72: Q000 Double quotes found but single quotes preferred&#10;  ./imu_ros2_device/ybimu_driver.py:58:5: E303 too many blank lines (2)&#10;  ./imu_ros2_device/ybimu_driver.py:59:5: E301 expected 1 blank line, found 0&#10;  ./imu_ros2_device/ybimu_driver.py:81:31: Q000 Double quotes found but single quotes preferred&#10;  ./imu_ros2_device/ybimu_driver.py:94:31: Q000 Double quotes found but single quotes preferred&#10;  ./imu_ros2_device/ybimu_driver.py:115:1: E303 too many blank lines (3)&#10;  ./imu_ros2_device/ybimu_driver.py:117:25: Q000 Double quotes found but single quotes preferred&#10;  ./imu_ros2_device/ybimu_driver.py:129:16: Q000 Double quotes found but single quotes preferred&#10;  ./launch/ybimu_display.launch.py:10:1: I100 Import statements are in the wrong order. 'import os' should be before 'from launch_ros.actions import Node' and in a different group.&#10;  ./launch/ybimu_display.launch.py:18:100: E501 line too long (100 &gt; 99 characters)&#10;  ./launch/ybimu_display.launch.py:51:38: W291 trailing whitespace&#10;  ./launch/ybimu_display.launch.py:73:1: W391 blank line at end of file&#10;  ./setup(1).py:2:1: I100 Import statements are in the wrong order. 'import os' should be before 'from setuptools import find_packages, setup' and in a different group.&#10;  ./setup(1).py:2:1: I201 Missing newline between import groups. 'import os' is identified as Stdlib and 'from setuptools import find_packages, setup' is identified as Third Party.&#10;  ./setup(1).py:3:1: I100 Import statements are in the wrong order. 'from glob import glob' should be before 'import os'&#10;  ./setup(1).py:15:30: E231 missing whitespace after ','&#10;  ./setup(1).py:15:43: E231 missing whitespace after ','&#10;  ./setup(1).py:15:53: E231 missing whitespace after ','&#10;  ./setup(1).py:15:80: E231 missing whitespace after ','&#10;  ./setup(1).py:16:30: E231 missing whitespace after ','&#10;  ./setup(1).py:16:43: E231 missing whitespace after ','&#10;  ./setup(1).py:16:51: E231 missing whitespace after ','&#10;  ./setup(1).py:16:76: E231 missing whitespace after ','&#10;  ./setup.py:2:1: I100 Import statements are in the wrong order. 'import os' should be before 'from setuptools import find_packages, setup' and in a different group.&#10;  ./setup.py:2:1: I201 Missing newline between import groups. 'import os' is identified as Stdlib and 'from setuptools import find_packages, setup' is identified as Third Party.&#10;  ./setup.py:3:1: I100 Import statements are in the wrong order. 'from glob import glob' should be before 'import os'&#10;  ./setup.py:15:30: E231 missing whitespace after ','&#10;  ./setup.py:15:43: E231 missing whitespace after ','&#10;  ./setup.py:15:53: E231 missing whitespace after ','&#10;  ./setup.py:15:80: E231 missing whitespace after ','&#10;  ./setup.py:16:30: E231 missing whitespace after ','&#10;  ./setup.py:16:43: E231 missing whitespace after ','&#10;  ./setup.py:16:51: E231 missing whitespace after ','&#10;  ./setup.py:16:76: E231 missing whitespace after ','&#10;assert 1 == 0">test/test_flake8.py:23: in test_flake8
    assert rc == 0, \
E   AssertionError: Found 137 code style errors / warnings:
E     ./imu_ros2_device/vendor_ybimu/YbImuSerialLib.py:6:1: I201 Missing newline between import groups. 'import serial' is identified as Third Party and 'import time' is identified as Stdlib.
E     ./imu_ros2_device/vendor_ybimu/YbImuSerialLib.py:7:1: I100 Import statements are in the wrong order. 'import threading' should be before 'import serial' and in a different group.
E     ./imu_ros2_device/vendor_ybimu/YbImuSerialLib.py:7:1: I201 Missing newline between import groups. 'import threading' is identified as Stdlib and 'import serial' is identified as Third Party.
E     ./imu_ros2_device/vendor_ybimu/YbImuSerialLib.py:8:1: I100 Import statements are in the wrong order. 'import math' should be before 'import threading'
E     ./imu_ros2_device/vendor_ybimu/YbImuSerialLib.py:49:1: W293 blank line contains whitespace
E     ./imu_ros2_device/vendor_ybimu/YbImuSerialLib.py:50:9: E303 too many blank lines (2)
E     ./imu_ros2_device/vendor_ybimu/YbImuSerialLib.py:79:9: E303 too many blank lines (2)
E     ./imu_ros2_device/vendor_ybimu/YbImuSerialLib.py:84:9: E303 too many blank lines (2)
E     ./imu_ros2_device/vendor_ybimu/YbImuSerialLib.py:85:19: Q000 Double quotes found but single quotes preferred
E     ./imu_ros2_device/vendor_ybimu/YbImuSerialLib.py:87:19: Q000 Double quotes found but single quotes preferred
E     ./imu_ros2_device/vendor_ybimu/YbImuSerialLib.py:90:5: E303 too many blank lines (2)
E     ./imu_ros2_device/vendor_ybimu/YbImuSerialLib.py:93:19: Q000 Double quotes found but single quotes preferred
E     ./imu_ros2_device/vendor_ybimu/YbImuSerialLib.py:94:9: E722 do not use bare 'except'
E     ./imu_ros2_device/vendor_ybimu/YbImuSerialLib.py:98:5: E303 too many blank lines (2)
E     ./imu_ros2_device/vendor_ybimu/YbImuSerialLib.py:98:40: Q000 Double quotes found but single quotes preferred
E     ./imu_ros2_device/vendor_ybimu/YbImuSerialLib.py:102:14: E211 whitespace before '('
E     ./imu_ros2_device/vendor_ybimu/YbImuSerialLib.py:102:27: Q000 Double quotes found but single quotes preferred
E     ./imu_ros2_device/vendor_ybimu/YbImuSerialLib.py:102:83: Q000 Double quotes found but single quotes preferred
E     ./imu_ros2_device/vendor_ybimu/YbImuSerialLib.py:111:1: W293 blank line contains whitespace
E     ./imu_ros2_device/vendor_ybimu/YbImuSerialLib.py:161:5: E303 too many blank lines (2)
E     ./imu_ros2_device/vendor_ybimu/YbImuSerialLib.py:162:5: E301 expected 1 blank line, found 0
E     ./imu_ros2_device/vendor_ybimu/YbImuSerialLib.py:200:27: Q000 Double quotes found but single quotes preferred
E     ./imu_ros2_device/vendor_ybimu/YbImuSerialLib.py:201:27: Q000 Double quotes found but single quotes preferred
E     ./imu_ros2_device/vendor_ybimu/YbImuSerialLib.py:204:5: E303 too many blank lines (2)
E     ./imu_ros2_device/vendor_ybimu/YbImuSerialLib.py:217:5: E303 too many blank lines (2)
E     ./imu_ros2_device/vendor_ybimu/YbImuSerialLib.py:219:5: E301 expected 1 blank line, found 0
E     ./imu_ros2_device/vendor_ybimu/YbImuSerialLib.py:220:100: E501 line too long (111 &gt; 99 characters)
E     ./imu_ros2_device/vendor_ybimu/YbImuSerialLib.py:225:30: Q000 Double quotes found but single quotes preferred
E     ./imu_ros2_device/vendor_ybimu/YbImuSerialLib.py:231:21: Q000 Double quotes found but single quotes preferred
E     ./imu_ros2_device/vendor_ybimu/YbImuSerialLib.py:233:32: E225 missing whitespace around operator
E     ./imu_ros2_device/vendor_ybimu/YbImuSerialLib.py:235:19: Q000 Double quotes found but single quotes preferred
E     ./imu_ros2_device/vendor_ybimu/YbImuSerialLib.py:237:9: E722 do not use bare 'except'
E     ./imu_ros2_device/vendor_ybimu/YbImuSerialLib.py:240:1: W293 blank line contains whitespace
E     ./imu_ros2_device/vendor_ybimu/YbImuSerialLib.py:242:5: E303 too many blank lines (3)
E     ./imu_ros2_device/vendor_ybimu/YbImuSerialLib.py:244:5: E301 expected 1 blank line, found 0
E     ./imu_ros2_device/vendor_ybimu/YbImuSerialLib.py:280:30: Q000 Double quotes found but single quotes preferred
E     ./imu_ros2_device/vendor_ybimu/YbImuSerialLib.py:292:30: Q000 Double quotes found but single quotes preferred
E     ./imu_ros2_device/vendor_ybimu/YbImuSerialLib.py:296:5: E303 too many blank lines (2)
E     ./imu_ros2_device/vendor_ybimu/YbImuSerialLib.py:301:27: Q000 Double quotes found but single quotes preferred
E     ./imu_ros2_device/vendor_ybimu/YbImuSerialLib.py:301:39: Q000 Double quotes found but single quotes preferred
E     ./imu_ros2_device/vendor_ybimu/YbImuSerialLib.py:308:37: Q000 Double quotes found but single quotes preferred
E     ./imu_ros2_device/vendor_ybimu/YbImuSerialLib.py:312:5: E303 too many blank lines (2)
E     ./imu_ros2_device/vendor_ybimu/YbImuSerialLib.py:313:5: E301 expected 1 blank line, found 0
E     ./imu_ros2_device/vendor_ybimu/YbImuSerialLib.py:321:30: Q000 Double quotes found but single quotes preferred
E     ./imu_ros2_device/vendor_ybimu/YbImuSerialLib.py:322:52: Q000 Double quotes found but single quotes preferred
E     ./imu_ros2_device/vendor_ybimu/YbImuSerialLib.py:325:5: E303 too many blank lines (2)
E     ./imu_ros2_device/vendor_ybimu/YbImuSerialLib.py:326:5: E301 expected 1 blank line, found 0
E     ./imu_ros2_device/vendor_ybimu/YbImuSerialLib.py:334:30: Q000 Double quotes found but single quotes preferred
E     ./imu_ros2_device/vendor_ybimu/YbImuSerialLib.py:335:52: Q000 Double quotes found but single quotes preferred
E     ./imu_ros2_device/vendor_ybimu/YbImuSerialLib.py:338:5: E303 too many blank lines (2)
E     ./imu_ros2_device/vendor_ybimu/YbImuSerialLib.py:339:5: E301 expected 1 blank line, found 0
E     ./imu_ros2_device/vendor_ybimu/YbImuSerialLib.py:350:30: Q000 Double quotes found but single quotes preferred
E     ./imu_ros2_device/vendor_ybimu/YbImuSerialLib.py:351:53: Q000 Double quotes found but single quotes preferred
E     ./imu_ros2_device/vendor_ybimu/YbImuSerialLib.py:354:5: E303 too many blank lines (2)
E     ./imu_ros2_device/vendor_ybimu/YbImuSerialLib.py:356:5: E301 expected 1 blank line, found 0
E     ./imu_ros2_device/vendor_ybimu/YbImuSerialLib.py:400:100: E501 line too long (103 &gt; 99 characters)
E     ./imu_ros2_device/vendor_ybimu/YbImuSerialLib.py:413:27: Q000 Double quotes found but single quotes preferred
E     ./imu_ros2_device/vendor_ybimu/YbImuSerialLib.py:415:27: Q000 Double quotes found but single quotes preferred
E     ./imu_ros2_device/vendor_ybimu/YbImuSerialLib.py:427:30: Q000 Double quotes found but single quotes preferred
E     ./imu_ros2_device/vendor_ybimu/YbImuSerialLib.py:432:1: E303 too many blank lines (3)
E     ./imu_ros2_device/vendor_ybimu/YbImuSerialLib.py:435:11: Q000 Double quotes found but single quotes preferred
E     ./imu_ros2_device/vendor_ybimu/YbImuSerialLib.py:442:23: Q000 Double quotes found but single quotes preferred
E     ./imu_ros2_device/vendor_ybimu/YbImuSerialLib.py:446:13: E722 do not use bare 'except'
E     ./imu_ros2_device/vendor_ybimu/YbImuSerialLib.py:448:27: Q000 Double quotes found but single quotes preferred
E     ./imu_ros2_device/vendor_ybimu/YbImuSerialLib.py:451:15: Q000 Double quotes found but single quotes preferred
E     ./imu_ros2_device/vendor_ybimu/YbImuSerialLib.py:453:22: Q000 Double quotes found but single quotes preferred
E     ./imu_ros2_device/vendor_ybimu/YbImuSerialLib.py:453:39: Q000 Double quotes found but single quotes preferred
E     ./imu_ros2_device/vendor_ybimu/YbImuSerialLib.py:453:55: Q000 Double quotes found but single quotes preferred
E     ./imu_ros2_device/vendor_ybimu/YbImuSerialLib.py:453:71: Q000 Double quotes found but single quotes preferred
E     ./imu_ros2_device/vendor_ybimu/YbImuSerialLib.py:453:87: Q000 Double quotes found but single quotes preferred
E     ./imu_ros2_device/vendor_ybimu/YbImuSerialLib.py:453:100: E501 line too long (117 &gt; 99 characters)
E     ./imu_ros2_device/vendor_ybimu/YbImuSerialLib.py:453:103: Q000 Double quotes found but single quotes preferred
E     ./imu_ros2_device/vendor_ybimu/YbImuSerialLib.py:457:23: Q000 Double quotes found but single quotes preferred
E     ./imu_ros2_device/vendor_ybimu/YbImuSerialLib.py:459:13: E722 do not use bare 'except'
E     ./imu_ros2_device/vendor_ybimu/YbImuSerialLib.py:462:15: Q000 Double quotes found but single quotes preferred
E     ./imu_ros2_device/vendor_ybimu/YbImuSerialLib.py:464:1: W293 blank line contains whitespace
E     ./imu_ros2_device/vendor_ybimu/YbImuSerialLib.py:468:11: Q000 Double quotes found but single quotes preferred
E     ./imu_ros2_device/vendor_ybimu/YbImuSerialLib.py:494:19: Q000 Double quotes found but single quotes preferred
E     ./imu_ros2_device/vendor_ybimu/YbImuSerialLib.py:495:19: Q000 Double quotes found but single quotes preferred
E     ./imu_ros2_device/vendor_ybimu/YbImuSerialLib.py:496:19: Q000 Double quotes found but single quotes preferred
E     ./imu_ros2_device/vendor_ybimu/YbImuSerialLib.py:497:19: Q000 Double quotes found but single quotes preferred
E     ./imu_ros2_device/vendor_ybimu/YbImuSerialLib.py:498:19: Q000 Double quotes found but single quotes preferred
E     ./imu_ros2_device/vendor_ybimu/YbImuSerialLib.py:499:19: Q000 Double quotes found but single quotes preferred
E     ./imu_ros2_device/vendor_ybimu/YbImuSerialLib.py:500:19: Q000 Double quotes found but single quotes preferred
E     ./imu_ros2_device/vendor_ybimu/YbImuSerialLib.py:505:1: W391 blank line at end of file
E     ./imu_ros2_device/vendor_ybimu/__init__.py:1:1: F401 '.YbImuSerialLib.YbImuSerial' imported but unused
E     ./imu_ros2_device/ybimu_driver.py:9:1: I100 Import statements are in the wrong order. 'from rclpy.clock import Clock' should be before 'from rclpy.node import Node'
E     ./imu_ros2_device/ybimu_driver.py:18:32: Q000 Double quotes found but single quotes preferred
E     ./imu_ros2_device/ybimu_driver.py:18:45: Q000 Double quotes found but single quotes preferred
E     ./imu_ros2_device/ybimu_driver.py:19:32: Q000 Double quotes found but single quotes preferred
E     ./imu_ros2_device/ybimu_driver.py:20:13: Q000 Double quotes found but single quotes preferred
E     ./imu_ros2_device/ybimu_driver.py:21:13: Q000 Double quotes found but single quotes preferred
E     ./imu_ros2_device/ybimu_driver.py:22:13: Q000 Double quotes found but single quotes preferred
E     ./imu_ros2_device/ybimu_driver.py:23:13: Q000 Double quotes found but single quotes preferred
E     ./imu_ros2_device/ybimu_driver.py:27:5: E303 too many blank lines (2)
E     ./imu_ros2_device/ybimu_driver.py:28:46: Q000 Double quotes found but single quotes preferred
E     ./imu_ros2_device/ybimu_driver.py:30:32: Q000 Double quotes found but single quotes preferred
E     ./imu_ros2_device/ybimu_driver.py:39:40: Q000 Double quotes found but single quotes preferred
E     ./imu_ros2_device/ybimu_driver.py:42:40: Q000 Double quotes found but single quotes preferred
E     ./imu_ros2_device/ybimu_driver.py:44:37: Q000 Double quotes found but single quotes preferred
E     ./imu_ros2_device/ybimu_driver.py:49:56: Q000 Double quotes found but single quotes preferred
E     ./imu_ros2_device/ybimu_driver.py:50:66: Q000 Double quotes found but single quotes preferred
E     ./imu_ros2_device/ybimu_driver.py:51:71: Q000 Double quotes found but single quotes preferred
E     ./imu_ros2_device/ybimu_driver.py:52:72: Q000 Double quotes found but single quotes preferred
E     ./imu_ros2_device/ybimu_driver.py:58:5: E303 too many blank lines (2)
E     ./imu_ros2_device/ybimu_driver.py:59:5: E301 expected 1 blank line, found 0
E     ./imu_ros2_device/ybimu_driver.py:81:31: Q000 Double quotes found but single quotes preferred
E     ./imu_ros2_device/ybimu_driver.py:94:31: Q000 Double quotes found but single quotes preferred
E     ./imu_ros2_device/ybimu_driver.py:115:1: E303 too many blank lines (3)
E     ./imu_ros2_device/ybimu_driver.py:117:25: Q000 Double quotes found but single quotes preferred
E     ./imu_ros2_device/ybimu_driver.py:129:16: Q000 Double quotes found but single quotes preferred
E     ./launch/ybimu_display.launch.py:10:1: I100 Import statements are in the wrong order. 'import os' should be before 'from launch_ros.actions import Node' and in a different group.
E     ./launch/ybimu_display.launch.py:18:100: E501 line too long (100 &gt; 99 characters)
E     ./launch/ybimu_display.launch.py:51:38: W291 trailing whitespace
E     ./launch/ybimu_display.launch.py:73:1: W391 blank line at end of file
E     ./setup(1).py:2:1: I100 Import statements are in the wrong order. 'import os' should be before 'from setuptools import find_packages, setup' and in a different group.
E     ./setup(1).py:2:1: I201 Missing newline between import groups. 'import os' is identified as Stdlib and 'from setuptools import find_packages, setup' is identified as Third Party.
E     ./setup(1).py:3:1: I100 Import statements are in the wrong order. 'from glob import glob' should be before 'import os'
E     ./setup(1).py:15:30: E231 missing whitespace after ','
E     ./setup(1).py:15:43: E231 missing whitespace after ','
E     ./setup(1).py:15:53: E231 missing whitespace after ','
E     ./setup(1).py:15:80: E231 missing whitespace after ','
E     ./setup(1).py:16:30: E231 missing whitespace after ','
E     ./setup(1).py:16:43: E231 missing whitespace after ','
E     ./setup(1).py:16:51: E231 missing whitespace after ','
E     ./setup(1).py:16:76: E231 missing whitespace after ','
E     ./setup.py:2:1: I100 Import statements are in the wrong order. 'import os' should be before 'from setuptools import find_packages, setup' and in a different group.
E     ./setup.py:2:1: I201 Missing newline between import groups. 'import os' is identified as Stdlib and 'from setuptools import find_packages, setup' is identified as Third Party.
E     ./setup.py:3:1: I100 Import statements are in the wrong order. 'from glob import glob' should be before 'import os'
E     ./setup.py:15:30: E231 missing whitespace after ','
E     ./setup.py:15:43: E231 missing whitespace after ','
E     ./setup.py:15:53: E231 missing whitespace after ','
E     ./setup.py:15:80: E231 missing whitespace after ','
E     ./setup.py:16:30: E231 missing whitespace after ','
E     ./setup.py:16:43: E231 missing whitespace after ','
E     ./setup.py:16:51: E231 missing whitespace after ','
E     ./setup.py:16:76: E231 missing whitespace after ','
E   assert 1 == 0</failure></testcase><testcase classname="imu_ros2_device.test.test_pep257(1)" name="test_pep257" time="0.019" /><testcase classname="imu_ros2_device.test.test_pep257" name="test_pep257" time="0.017" /></testsuite></testsuites>